number,value,datetime_start,datetime_complete,duration,params_A2C_n_steps,params_gamma,params_learning_rate,params_vf_coef,state,Environment,Agent,params_exploration_fraction,params_target_update_interval,params_PPO_n_steps,params_ent_coef
42,200.0,2023-12-12 10:43:24.163787,2023-12-12 10:45:45.022796,0 days 00:02:20.859009,,0.97697377586788,0.0029041670933243,,COMPLETE,MountainCar-v0,PPO,,,448.0,0.0035426396069179
43,200.0,2023-12-12 10:45:45.032797,2023-12-12 10:48:03.685013,0 days 00:02:18.652216,,0.989453733041172,0.0020187571700696,,COMPLETE,MountainCar-v0,PPO,,,960.0,0.0067444522449688
44,200.0,2023-12-12 10:48:03.693015,2023-12-12 10:50:27.782692,0 days 00:02:24.089677,,0.9833162653103406,0.0063508868524389,,COMPLETE,MountainCar-v0,PPO,,,64.0,0.0017128416574884
45,197.8,2023-12-12 10:50:27.790693,2023-12-12 10:52:49.580749,0 days 00:02:21.790056,,0.9951990194863702,0.0040315411965376,,COMPLETE,MountainCar-v0,PPO,,,192.0,0.022348081560978
46,200.0,2023-12-12 10:52:49.588749,2023-12-12 10:55:08.764017,0 days 00:02:19.175268,,0.977579236286803,0.0004919975426339,,COMPLETE,MountainCar-v0,PPO,,,832.0,0.0099061078024191
47,200.0,2023-12-12 10:55:08.772020,2023-12-12 10:57:29.347116,0 days 00:02:20.575096,,0.9712486593554478,0.0010809602320046,,COMPLETE,MountainCar-v0,PPO,,,320.0,0.0044578001911099
48,200.0,2023-12-12 10:57:29.354120,2023-12-12 10:59:48.277321,0 days 00:02:18.923201,,0.9789200252504836,0.0016176960620033,,COMPLETE,MountainCar-v0,PPO,,,704.0,0.0032979850290768
49,200.0,2023-12-12 10:59:48.284322,2023-12-12 11:02:07.431889,0 days 00:02:19.147567,,0.9852653556488296,0.0027905858437068,,COMPLETE,MountainCar-v0,PPO,,,640.0,0.0001775237966372
50,200.0,2023-12-12 11:02:07.439521,2023-12-12 11:04:30.843953,0 days 00:02:23.404432,,0.9917747685859596,0.0076651194387914,,COMPLETE,MountainCar-v0,PPO,,,128.0,0.0250785896852632
51,128.9,2023-12-12 11:04:30.850954,2023-12-12 11:06:50.410834,0 days 00:02:19.559880,,0.9814647187256604,0.003797415064111,,COMPLETE,MountainCar-v0,PPO,,,640.0,0.0137896813914967
52,118.9,2023-12-12 11:06:50.417838,2023-12-12 11:09:10.518134,0 days 00:02:20.100296,,0.9811658907187004,0.0035587667885259,,COMPLETE,MountainCar-v0,PPO,,,640.0,0.0121422900793671
53,119.4,2023-12-12 11:09:10.526135,2023-12-12 11:11:29.932834,0 days 00:02:19.406699,,0.9752901246967666,0.0053570744468868,,COMPLETE,MountainCar-v0,PPO,,,640.0,0.00655014063693
54,126.6,2023-12-12 11:11:29.939836,2023-12-12 11:13:49.975796,0 days 00:02:20.035960,,0.9743178353927712,0.0053459977834772,,COMPLETE,MountainCar-v0,PPO,,,640.0,0.0071486658723894
55,140.4,2023-12-12 11:13:49.983902,2023-12-12 11:16:10.288285,0 days 00:02:20.304383,,0.9961621961940452,0.0074372524453023,,COMPLETE,MountainCar-v0,PPO,,,512.0,0.0065348156184663
56,191.4,2023-12-12 11:16:10.295287,2023-12-12 11:18:29.773808,0 days 00:02:19.478521,,0.9640521029155292,0.0094856707872056,,COMPLETE,MountainCar-v0,PPO,,,384.0,0.0601909637759702
57,145.5,2023-12-12 11:18:29.781809,2023-12-12 11:20:47.434338,0 days 00:02:17.652529,,0.9887631412679126,0.0035006569598506,,COMPLETE,MountainCar-v0,PPO,,,1024.0,0.0285070597502366
58,200.0,2023-12-12 11:20:47.441339,2023-12-12 11:23:05.707265,0 days 00:02:18.265926,,0.9696297987507132,0.0047120258821124,,COMPLETE,MountainCar-v0,PPO,,,896.0,0.0121439158590903
59,200.0,2023-12-12 11:23:05.716267,2023-12-12 11:25:34.376231,0 days 00:02:28.659964,,0.9739893671892575,0.0027045105088102,,COMPLETE,MountainCar-v0,PPO,,,640.0,0.0191522352575974
60,141.7,2023-12-12 11:25:34.386276,2023-12-12 11:27:59.593979,0 days 00:02:25.207703,,0.9798003707196395,0.0019107686893488,,COMPLETE,MountainCar-v0,PPO,,,768.0,0.0121920029809734
61,116.4,2023-12-12 11:27:59.602979,2023-12-12 11:30:25.844672,0 days 00:02:26.241693,,0.9829477347390811,0.0050917691416962,,COMPLETE,MountainCar-v0,PPO,,,640.0,0.0084634726280132
62,200.0,2023-12-12 11:30:25.855676,2023-12-12 11:32:51.706157,0 days 00:02:25.850481,,0.984466302484198,0.0073672103550073,,COMPLETE,MountainCar-v0,PPO,,,640.0,0.0186320939138654
63,200.0,2023-12-12 11:32:51.715793,2023-12-12 11:35:22.160305,0 days 00:02:30.444512,,0.9871156404952868,0.0054433314532632,,COMPLETE,MountainCar-v0,PPO,,,256.0,0.0078999302455138
64,164.4,2023-12-12 11:35:22.168308,2023-12-12 11:37:48.107956,0 days 00:02:25.939648,,0.9783996926028948,0.0037527015570384,,COMPLETE,MountainCar-v0,PPO,,,640.0,0.0339068998687344
65,200.0,2023-12-12 11:37:48.114963,2023-12-12 11:40:19.685434,0 days 00:02:31.570471,,0.9831335200912128,0.0025066593291108,,COMPLETE,MountainCar-v0,PPO,,,384.0,0.0092223931066258
66,200.0,2023-12-12 11:40:19.693436,2023-12-12 11:42:57.544576,0 days 00:02:37.851140,,0.9894003654905864,0.0048439003859047,,COMPLETE,MountainCar-v0,PPO,,,640.0,0.0048068209697421
67,200.0,2023-12-12 11:42:57.556918,2023-12-12 11:45:46.447442,0 days 00:02:48.890524,,0.9578071863345688,0.0033149363538509,,COMPLETE,MountainCar-v0,PPO,,,576.0,0.0141624672783707
68,200.0,2023-12-12 11:45:46.455446,2023-12-12 11:48:53.991933,0 days 00:03:07.536487,,0.9710046422577712,0.0013384846407214,,COMPLETE,MountainCar-v0,PPO,,,384.0,0.0025898775748207
69,136.1,2023-12-12 11:48:54.001445,2023-12-12 11:52:09.355587,0 days 00:03:15.354142,,0.9744821605259724,0.008511187307871,,COMPLETE,MountainCar-v0,PPO,,,704.0,0.0036421550967744
70,200.0,2023-12-12 11:52:09.366230,2023-12-12 11:55:38.780246,0 days 00:03:29.414016,,0.997250769423772,0.0018718632789108,,COMPLETE,MountainCar-v0,PPO,,,64.0,0.0057067993605906
71,131.3,2023-12-12 11:55:38.790444,2023-12-12 11:58:57.436773,0 days 00:03:18.646329,,0.9806137864030908,0.0043334955291744,,COMPLETE,MountainCar-v0,PPO,,,640.0,0.0099610286316651
72,140.3,2023-12-12 11:58:57.446912,2023-12-12 12:02:12.731970,0 days 00:03:15.285058,,0.987315739931682,0.0065747426978748,,COMPLETE,MountainCar-v0,PPO,,,640.0,0.0083971080549517
73,200.0,2023-12-12 12:02:12.741200,2023-12-12 12:05:27.861545,0 days 00:03:15.120345,,0.9767125080809828,0.0031303119872016,,COMPLETE,MountainCar-v0,PPO,,,640.0,0.0170220882387543
74,121.7,2023-12-12 12:05:27.872133,2023-12-12 12:08:36.358332,0 days 00:03:08.486199,,0.9833948346774156,0.002458038301478,,COMPLETE,MountainCar-v0,PPO,,,448.0,0.0049983457909507
75,115.0,2023-12-12 12:08:36.367624,2023-12-12 12:11:48.016999,0 days 00:03:11.649375,,0.9932385682926228,0.0021802421781402,,COMPLETE,MountainCar-v0,PPO,,,448.0,0.0056058789789029
76,150.3,2023-12-12 12:11:48.027522,2023-12-12 12:15:00.240685,0 days 00:03:12.213163,,0.9927538605620227,0.0025756253587439,,COMPLETE,MountainCar-v0,PPO,,,448.0,0.0053284939004168
77,122.9,2023-12-12 12:15:00.251923,2023-12-12 12:18:16.283734,0 days 00:03:16.031811,,0.991184329941936,0.0053807933395997,,COMPLETE,MountainCar-v0,PPO,,,448.0,0.0073152175939118
78,200.0,2023-12-12 12:18:16.293264,2023-12-12 12:21:26.754645,0 days 00:03:10.461381,,0.984251990374476,0.002265742035622,,COMPLETE,MountainCar-v0,PPO,,,448.0,0.0029219337412271
79,112.6,2023-12-12 12:21:26.762157,2023-12-12 12:24:08.718357,0 days 00:02:41.956200,,0.9937071064597598,0.0041551790727017,,COMPLETE,MountainCar-v0,PPO,,,448.0,0.0038642281991436
80,200.0,2023-12-12 12:24:08.728044,2023-12-12 12:26:57.047650,0 days 00:02:48.319606,,0.998738392232151,0.0042363982312621,,COMPLETE,MountainCar-v0,PPO,,,192.0,0.0038583045522607
81,200.0,2023-12-12 12:26:57.055612,2023-12-12 12:29:35.600347,0 days 00:02:38.544735,,0.994927225025396,0.0035682409676713,,COMPLETE,MountainCar-v0,PPO,,,448.0,0.0053929813580428
82,132.0,2023-12-12 12:29:35.609371,2023-12-12 12:32:18.203606,0 days 00:02:42.594235,,0.9819624341336174,0.0051545616172933,,COMPLETE,MountainCar-v0,PPO,,,448.0,0.0043936301317014
83,126.7,2023-12-12 12:32:18.212453,2023-12-12 12:35:04.103222,0 days 00:02:45.890769,,0.9900801060180732,0.0026946477264123,,COMPLETE,MountainCar-v0,PPO,,,448.0,0.0019376430564792
84,200.0,2023-12-12 12:35:04.111870,2023-12-12 12:37:39.899425,0 days 00:02:35.787555,,0.9928065316920872,0.0063436604110141,,COMPLETE,MountainCar-v0,PPO,,,960.0,0.011467059169495
85,141.3,2023-12-12 12:37:39.908335,2023-12-12 12:40:16.925390,0 days 00:02:37.017055,,0.987088628002256,0.0032591075337926,,COMPLETE,MountainCar-v0,PPO,,,448.0,0.0066547870154683
86,200.0,2023-12-12 12:40:16.934916,2023-12-12 12:42:57.096952,0 days 00:02:40.162036,,0.9794461567102392,0.0021388003275769,,COMPLETE,MountainCar-v0,PPO,,,448.0,0.0038129249482679
87,132.9,2023-12-12 12:42:57.104316,2023-12-12 12:45:39.381175,0 days 00:02:42.276859,,0.9841460986105236,0.0045948872640764,,COMPLETE,MountainCar-v0,PPO,,,320.0,0.0028526051544463
88,155.2,2023-12-12 12:45:39.390706,2023-12-12 12:48:16.567260,0 days 00:02:37.176554,,0.9992788159849288,0.0041909096420475,,COMPLETE,MountainCar-v0,PPO,,,832.0,0.0079395102915391
89,200.0,2023-12-12 12:48:16.626681,2023-12-12 12:50:49.450444,0 days 00:02:32.823763,,0.99480204519412,0.0018226182467471,,COMPLETE,MountainCar-v0,PPO,,,512.0,0.0128669510584498
90,120.8,2023-12-12 12:50:49.458449,2023-12-12 12:53:15.434854,0 days 00:02:25.976405,,0.9766894267234044,0.002376787817878,,COMPLETE,MountainCar-v0,PPO,,,1024.0,0.0059964824933584
91,200.0,2023-12-12 12:53:15.444871,2023-12-12 12:55:41.293243,0 days 00:02:25.848372,,0.9759091462468558,0.0013929180036414,,COMPLETE,MountainCar-v0,PPO,,,1024.0,0.0056685049452587
92,184.0,2023-12-12 12:55:41.303247,2023-12-12 12:58:01.328603,0 days 00:02:20.025356,,0.9726426560941672,0.0028745248474706,,COMPLETE,MountainCar-v0,PPO,,,1024.0,0.0093621191830489
93,200.0,2023-12-12 12:58:01.337606,2023-12-12 13:00:26.042511,0 days 00:02:24.704905,,0.9826421664594568,0.001674087585525,,COMPLETE,MountainCar-v0,PPO,,,128.0,0.0031303994501658
94,151.7,2023-12-12 13:00:26.053513,2023-12-12 13:02:46.648069,0 days 00:02:20.594556,,0.9877349158326598,0.002230202220327,,COMPLETE,MountainCar-v0,PPO,,,1024.0,0.0044893412671939
95,134.9,2023-12-12 13:02:46.658071,2023-12-12 13:05:08.931650,0 days 00:02:22.273579,,0.9783026264858944,0.003363094239038,,COMPLETE,MountainCar-v0,PPO,,,768.0,0.00656859164015
96,159.2,2023-12-12 13:05:08.941652,2023-12-12 13:07:32.062201,0 days 00:02:23.120549,,0.9851427196307104,0.005715937115866,,COMPLETE,MountainCar-v0,PPO,,,896.0,0.0167273727619371
97,157.8,2023-12-12 13:07:32.071206,2023-12-12 13:09:58.020763,0 days 00:02:25.949557,,0.9902743634821684,0.0037837211774326,,COMPLETE,MountainCar-v0,PPO,,,256.0,0.0106227900372074
98,128.5,2023-12-12 13:09:58.030766,2023-12-12 13:12:21.109530,0 days 00:02:23.078764,,0.9815691541420376,0.0029494001309248,,COMPLETE,MountainCar-v0,PPO,,,640.0,0.008244491806983
99,200.0,2023-12-12 13:12:21.118532,2023-12-12 13:14:44.071871,0 days 00:02:22.953339,,0.9685591443574538,0.0025222676501293,,COMPLETE,MountainCar-v0,PPO,,,576.0,0.0050789074307768
