number,value,datetime_start,datetime_complete,duration,params_A2C_n_steps,params_gamma,params_learning_rate,params_vf_coef,state,Environment,Agent,params_exploration_fraction,params_target_update_interval,params_PPO_n_steps,params_ent_coef
3,200.0,2023-12-12 13:18:51.901970,2023-12-12 13:20:12.088525,0 days 00:01:20.186555,343.0,0.942185296844072,1.011240890351384e-05,0.3776767177576207,COMPLETE,MountainCar-v0,A2C,,,,
4,200.0,2023-12-12 13:20:12.099528,2023-12-12 13:21:31.278026,0 days 00:01:19.178498,399.0,0.9081240280560444,0.0011630638283637,0.3984701478123981,COMPLETE,MountainCar-v0,A2C,,,,
5,200.0,2023-12-12 13:21:31.286027,2023-12-12 13:22:53.384481,0 days 00:01:22.098454,239.0,0.9412348235766016,0.0003395660329482,0.4122975843236824,COMPLETE,MountainCar-v0,A2C,,,,
6,200.0,2023-12-12 13:22:53.393483,2023-12-12 13:24:12.022009,0 days 00:01:18.628526,455.0,0.9431851862983226,0.0001265315000905,0.3328874732419892,COMPLETE,MountainCar-v0,A2C,,,,
7,200.0,2023-12-12 13:24:12.031012,2023-12-12 13:25:36.876739,0 days 00:01:24.845727,94.0,0.9665581469761984,7.345589982274548e-05,0.436682384054723,COMPLETE,MountainCar-v0,A2C,,,,
8,200.0,2023-12-12 13:25:36.884741,2023-12-12 13:26:57.683516,0 days 00:01:20.798775,318.0,0.935534435489942,0.0093193256964406,0.180530805355542,COMPLETE,MountainCar-v0,A2C,,,,
9,200.0,2023-12-12 13:26:57.691518,2023-12-12 13:28:19.877141,0 days 00:01:22.185623,167.0,0.9399805019921889,2.1636744912410463e-05,0.1721331100346227,COMPLETE,MountainCar-v0,A2C,,,,
10,200.0,2023-12-12 13:28:19.886144,2023-12-12 13:30:15.570639,0 days 00:01:55.684495,10.0,0.901113797892844,0.0014913804549739,0.2863845707694571,COMPLETE,MountainCar-v0,A2C,,,,
11,200.0,2023-12-12 13:30:15.580640,2023-12-12 13:31:37.631740,0 days 00:01:22.051100,254.0,0.9857571451963328,0.0089443208927627,0.1036702399798095,COMPLETE,MountainCar-v0,A2C,,,,
12,200.0,2023-12-12 13:31:37.639741,2023-12-12 13:32:59.537460,0 days 00:01:21.897719,254.0,0.9910926055184172,0.0023002248498237,0.4976605563310609,COMPLETE,MountainCar-v0,A2C,,,,
13,200.0,2023-12-12 13:32:59.545461,2023-12-12 13:34:17.453662,0 days 00:01:17.908201,488.0,0.9661399121817416,0.0001024532071475,0.2708897983274084,COMPLETE,MountainCar-v0,A2C,,,,
14,200.0,2023-12-12 13:34:17.462665,2023-12-12 13:35:38.553060,0 days 00:01:21.090395,331.0,0.9949946015917658,0.000669366375169,0.3410017070694613,COMPLETE,MountainCar-v0,A2C,,,,
15,200.0,2023-12-12 13:35:38.562063,2023-12-12 13:37:00.422518,0 days 00:01:21.860455,204.0,0.9766670265924688,0.0034910837885872,0.2588857274653523,COMPLETE,MountainCar-v0,A2C,,,,
16,200.0,2023-12-12 13:37:00.431519,2023-12-12 13:38:19.757057,0 days 00:01:19.325538,391.0,0.9980244701115564,0.0002417371355138,0.1054663087901886,COMPLETE,MountainCar-v0,A2C,,,,
17,200.0,2023-12-12 13:38:19.766058,2023-12-12 13:39:40.854546,0 days 00:01:21.088488,292.0,0.9663111757605544,0.0040743407849247,0.3336690212122921,COMPLETE,MountainCar-v0,A2C,,,,
18,200.0,2023-12-12 13:39:40.862548,2023-12-12 13:41:03.496044,0 days 00:01:22.633496,164.0,0.9581743105538424,0.0007504360912238,0.2349699263841373,COMPLETE,MountainCar-v0,A2C,,,,
19,200.0,2023-12-12 13:41:03.504046,2023-12-12 13:42:22.892477,0 days 00:01:19.388431,385.0,0.9809069726629622,0.0002334370316346,0.3084817780322855,COMPLETE,MountainCar-v0,A2C,,,,
20,200.0,2023-12-12 13:42:22.901479,2023-12-12 13:43:41.675845,0 days 00:01:18.774366,436.0,0.9290875276507368,0.0012129396507573,0.1448682679233317,COMPLETE,MountainCar-v0,A2C,,,,
21,200.0,2023-12-12 13:43:41.683846,2023-12-12 13:45:06.650081,0 days 00:01:24.966235,104.0,0.9517988709812896,0.0004825484796145,0.2226843725594252,COMPLETE,MountainCar-v0,A2C,,,,
22,200.0,2023-12-12 13:45:06.661084,2023-12-12 13:46:43.744837,0 days 00:01:37.083753,22.0,0.9267388244423904,0.000416925302919,0.20547231131599,COMPLETE,MountainCar-v0,A2C,,,,
23,200.0,2023-12-12 13:46:43.752842,2023-12-12 13:48:08.815494,0 days 00:01:25.062652,79.0,0.9531459222287808,0.0049449057378085,0.2470255403530225,COMPLETE,MountainCar-v0,A2C,,,,
24,200.0,2023-12-12 13:48:08.823499,2023-12-12 13:49:31.712546,0 days 00:01:22.889047,161.0,0.97527146016603,0.0021921517230564,0.1997197010616286,COMPLETE,MountainCar-v0,A2C,,,,
25,200.0,2023-12-12 13:49:31.766076,2023-12-12 13:50:52.818521,0 days 00:01:21.052445,293.0,0.98816138708845,0.0008193854000828,0.1558208751732754,COMPLETE,MountainCar-v0,A2C,,,,
26,200.0,2023-12-12 13:50:52.826512,2023-12-12 13:52:14.444030,0 days 00:01:21.617518,220.0,0.9565216011984076,0.0001630255010269,0.2177573437726195,COMPLETE,MountainCar-v0,A2C,,,,
27,200.0,2023-12-12 13:52:14.452037,2023-12-12 13:53:37.239702,0 days 00:01:22.787665,136.0,0.9996060512330048,7.789108876516722e-05,0.2458216142895022,COMPLETE,MountainCar-v0,A2C,,,,
28,200.0,2023-12-12 13:53:37.247705,2023-12-12 13:54:56.976567,0 days 00:01:19.728862,363.0,0.9500960558098,0.0005461876166229,0.1375952580147071,COMPLETE,MountainCar-v0,A2C,,,,
29,200.0,2023-12-12 13:54:56.985569,2023-12-12 13:56:24.502916,0 days 00:01:27.517347,55.0,0.9479145474958662,5.319271020846599e-05,0.1891295050042434,COMPLETE,MountainCar-v0,A2C,,,,
30,200.0,2023-12-12 13:56:24.509906,2023-12-12 13:57:46.364425,0 days 00:01:21.854519,209.0,0.9316431600608708,0.0002267289128814,0.2946926116123328,COMPLETE,MountainCar-v0,A2C,,,,
31,200.0,2023-12-12 13:57:46.372417,2023-12-12 13:59:06.345078,0 days 00:01:19.972661,339.0,0.921386596879714,1.5389400826507037e-05,0.3739632133791417,COMPLETE,MountainCar-v0,A2C,,,,
32,200.0,2023-12-12 13:59:06.353069,2023-12-12 14:00:27.643367,0 days 00:01:21.290298,285.0,0.9430847714284436,1.0675623473648304e-05,0.3875206886379638,COMPLETE,MountainCar-v0,A2C,,,,
33,200.0,2023-12-12 14:00:27.655374,2023-12-12 14:01:46.596383,0 days 00:01:18.941009,421.0,0.9192083066978114,3.677241851487122e-05,0.419556582428805,COMPLETE,MountainCar-v0,A2C,,,,
34,200.0,2023-12-12 14:01:46.606388,2023-12-12 14:03:06.396179,0 days 00:01:19.789791,356.0,0.9380386520694244,4.062773045700619e-05,0.3482927611640436,COMPLETE,MountainCar-v0,A2C,,,,
35,200.0,2023-12-12 14:03:06.404182,2023-12-12 14:04:27.183889,0 days 00:01:20.779707,306.0,0.9462208681494124,0.0003603157361008,0.3698450963384181,COMPLETE,MountainCar-v0,A2C,,,,
36,200.0,2023-12-12 14:04:27.191882,2023-12-12 14:05:49.473507,0 days 00:01:22.281625,261.0,0.9367159045952534,0.0001464196256405,0.3162529911480775,COMPLETE,MountainCar-v0,A2C,,,,
37,200.0,2023-12-12 14:05:49.481498,2023-12-12 14:07:08.874772,0 days 00:01:19.393274,365.0,0.942957025099398,2.323774532846328e-05,0.4034027157432125,COMPLETE,MountainCar-v0,A2C,,,,
38,200.0,2023-12-12 14:07:08.882764,2023-12-12 14:08:31.757032,0 days 00:01:22.874268,129.0,0.9334719294276956,0.0009339913172706,0.2796753640373199,COMPLETE,MountainCar-v0,A2C,,,,
39,200.0,2023-12-12 14:08:31.766534,2023-12-12 14:09:53.776747,0 days 00:01:22.010213,191.0,0.96011224203652,0.0001051253944233,0.4341525153649594,COMPLETE,MountainCar-v0,A2C,,,,
40,200.0,2023-12-12 14:09:53.784739,2023-12-12 14:11:13.335072,0 days 00:01:19.550333,425.0,0.9466381741360994,0.0003239803249515,0.3204877845663358,COMPLETE,MountainCar-v0,A2C,,,,
41,200.0,2023-12-12 14:11:13.343059,2023-12-12 14:12:31.704112,0 days 00:01:18.361053,480.0,0.9085889292067008,0.0012484553634682,0.4519697238229478,COMPLETE,MountainCar-v0,A2C,,,,
42,200.0,2023-12-12 14:12:31.711104,2023-12-12 14:13:51.003228,0 days 00:01:19.292124,390.0,0.9394614183044632,0.0017694510248021,0.1778172120288401,COMPLETE,MountainCar-v0,A2C,,,,
43,200.0,2023-12-12 14:13:51.013220,2023-12-12 14:15:12.131891,0 days 00:01:21.118671,327.0,0.9354702756926896,0.0005810499612701,0.3500710273428251,COMPLETE,MountainCar-v0,A2C,,,,
44,200.0,2023-12-12 14:15:12.139883,2023-12-12 14:16:34.003010,0 days 00:01:21.863127,270.0,0.9625638503889796,0.001035596573584,0.3628023779825461,COMPLETE,MountainCar-v0,A2C,,,,
45,200.0,2023-12-12 14:16:34.012002,2023-12-12 14:17:52.268750,0 days 00:01:18.256748,461.0,0.9706416001792996,0.0015324012978473,0.3936248265214341,COMPLETE,MountainCar-v0,A2C,,,,
46,200.0,2023-12-12 14:17:52.276752,2023-12-12 14:19:13.943024,0 days 00:01:21.666272,242.0,0.9554199493990309,0.0077819245982159,0.3806990728854522,COMPLETE,MountainCar-v0,A2C,,,,
47,200.0,2023-12-12 14:19:13.953029,2023-12-12 14:20:34.666702,0 days 00:01:20.713673,315.0,0.943091219030475,0.0030987939412605,0.4160366450753794,COMPLETE,MountainCar-v0,A2C,,,,
48,200.0,2023-12-12 14:20:34.674694,2023-12-12 14:21:53.478612,0 days 00:01:18.803918,412.0,0.9622855559720952,0.0006554919378717,0.3031765906804403,COMPLETE,MountainCar-v0,A2C,,,,
49,200.0,2023-12-12 14:21:53.486603,2023-12-12 14:23:13.428851,0 days 00:01:19.942248,351.0,0.9930594639073872,0.0004096355895253,0.2733585950570711,COMPLETE,MountainCar-v0,A2C,,,,
50,200.0,2023-12-12 14:23:13.436842,2023-12-12 14:24:31.847409,0 days 00:01:18.410567,451.0,0.9842243966481464,0.000286845936155,0.3230555709509534,COMPLETE,MountainCar-v0,A2C,,,,
51,200.0,2023-12-12 14:24:31.854410,2023-12-12 14:25:51.749436,0 days 00:01:19.895026,382.0,0.9513979559695002,0.0001956149657338,0.3604486510630057,COMPLETE,MountainCar-v0,A2C,,,,
52,200.0,2023-12-12 14:25:51.757438,2023-12-12 14:27:13.688688,0 days 00:01:21.931250,223.0,0.9318523753766054,0.0002949227486313,0.4483342095416852,COMPLETE,MountainCar-v0,A2C,,,,
53,200.0,2023-12-12 14:27:13.696680,2023-12-12 14:28:35.237632,0 days 00:01:21.540952,240.0,0.9385039313889136,0.0004828557830555,0.3375892862133639,COMPLETE,MountainCar-v0,A2C,,,,
54,200.0,2023-12-12 14:28:35.245623,2023-12-12 14:29:56.911977,0 days 00:01:21.666354,269.0,0.9407535206826776,0.0007539007871989,0.3985260274644098,COMPLETE,MountainCar-v0,A2C,,,,
55,200.0,2023-12-12 14:29:56.920969,2023-12-12 14:31:19.327355,0 days 00:01:22.406386,177.0,0.9452909599955408,0.0001871218652541,0.3802644352174361,COMPLETE,MountainCar-v0,A2C,,,,
56,200.0,2023-12-12 14:31:19.337347,2023-12-12 14:32:39.867271,0 days 00:01:20.529924,311.0,0.9527710978582992,0.0001335106332253,0.4682609323066138,COMPLETE,MountainCar-v0,A2C,,,,
57,200.0,2023-12-12 14:32:39.876275,2023-12-12 14:34:00.045428,0 days 00:01:20.169153,340.0,0.949290590055363,0.0001055927307201,0.415658483512319,COMPLETE,MountainCar-v0,A2C,,,,
58,200.0,2023-12-12 14:34:00.053430,2023-12-12 14:35:28.657941,0 days 00:01:28.604511,45.0,0.926368201315766,0.0025373044037597,0.1652248468758999,COMPLETE,MountainCar-v0,A2C,,,,
59,200.0,2023-12-12 14:35:28.665942,2023-12-12 14:36:49.593575,0 days 00:01:20.927633,290.0,0.9564085490244794,0.0009624517399987,0.2902964865517228,COMPLETE,MountainCar-v0,A2C,,,,
60,200.0,2023-12-12 14:36:49.601567,2023-12-12 14:38:12.310409,0 days 00:01:22.708842,132.0,0.9345685522911268,0.0005097577319234,0.3560789409890428,COMPLETE,MountainCar-v0,A2C,,,,
61,200.0,2023-12-12 14:38:12.318410,2023-12-12 14:39:30.490469,0 days 00:01:18.172059,398.0,0.9443487352497691,0.0004051840348374,0.3686739925244364,COMPLETE,MountainCar-v0,A2C,,,,
62,200.0,2023-12-12 14:39:30.498474,2023-12-12 14:40:48.888478,0 days 00:01:18.390004,445.0,0.9408587104317404,0.0002455135193276,0.3338200092853058,COMPLETE,MountainCar-v0,A2C,,,,
63,200.0,2023-12-12 14:40:48.897470,2023-12-12 14:42:06.907554,0 days 00:01:18.010084,473.0,0.9965679549826784,8.401058305884372e-05,0.3840686495676543,COMPLETE,MountainCar-v0,A2C,,,,
64,200.0,2023-12-12 14:42:06.915063,2023-12-12 14:43:25.454514,0 days 00:01:18.539451,405.0,0.9489684399609434,0.0003255143376837,0.2622190136981834,COMPLETE,MountainCar-v0,A2C,,,,
65,200.0,2023-12-12 14:43:25.463037,2023-12-12 14:44:43.411034,0 days 00:01:17.947997,497.0,0.9537155903739224,0.0001303797611176,0.404931228328716,COMPLETE,MountainCar-v0,A2C,,,,
66,200.0,2023-12-12 14:44:43.420554,2023-12-12 14:46:03.869909,0 days 00:01:20.449355,370.0,0.9373794227635004,0.00064795597131,0.1192335858237077,COMPLETE,MountainCar-v0,A2C,,,,
67,200.0,2023-12-12 14:46:03.877901,2023-12-12 14:47:26.349748,0 days 00:01:22.471847,104.0,0.9892965182429736,5.6950203960438506e-05,0.3448334773603005,COMPLETE,MountainCar-v0,A2C,,,,
68,200.0,2023-12-12 14:47:26.358750,2023-12-12 14:49:36.961807,0 days 00:02:10.603057,9.0,0.9294167036112668,0.0001855825246601,0.3743162978948252,COMPLETE,MountainCar-v0,A2C,,,,
69,200.0,2023-12-12 14:49:36.971871,2023-12-12 14:51:10.951364,0 days 00:01:33.979493,149.0,0.9478191602893716,0.0007884462981876,0.1919410923025206,COMPLETE,MountainCar-v0,A2C,,,,
70,200.0,2023-12-12 14:51:10.958867,2023-12-12 14:52:37.263603,0 days 00:01:26.304736,435.0,0.9407732710322916,0.0002630944575801,0.2074648579899136,COMPLETE,MountainCar-v0,A2C,,,,
71,200.0,2023-12-12 14:52:37.271717,2023-12-12 14:54:16.330103,0 days 00:01:39.058386,82.0,0.9696774493072018,0.0002187100559717,0.4299696731906711,COMPLETE,MountainCar-v0,A2C,,,,
72,200.0,2023-12-12 14:54:16.337200,2023-12-12 14:55:56.902997,0 days 00:01:40.565797,86.0,0.9814032863873144,0.004837289191597,0.3908414602564503,COMPLETE,MountainCar-v0,A2C,,,,
73,200.0,2023-12-12 14:55:56.911018,2023-12-12 14:57:49.781091,0 days 00:01:52.870073,118.0,0.9767533633540516,2.5997347891164917e-05,0.4002113478570868,COMPLETE,MountainCar-v0,A2C,,,,
74,200.0,2023-12-12 14:57:49.792845,2023-12-12 14:59:55.268623,0 days 00:02:05.475778,41.0,0.958622777665566,0.0001536301015544,0.2272522208246238,COMPLETE,MountainCar-v0,A2C,,,,
75,200.0,2023-12-12 14:59:55.278013,2023-12-12 15:01:40.293622,0 days 00:01:45.015609,377.0,0.9995645029461424,0.0003841110852055,0.1659835086054705,COMPLETE,MountainCar-v0,A2C,,,,
76,200.0,2023-12-12 15:01:40.302884,2023-12-12 15:03:34.554789,0 days 00:01:54.251905,186.0,0.9453807557245346,1.003956040740022e-05,0.3583379735151191,COMPLETE,MountainCar-v0,A2C,,,,
77,200.0,2023-12-12 15:03:34.564298,2023-12-12 15:05:28.853753,0 days 00:01:54.289455,229.0,0.9928329195749008,1.6163831582447628e-05,0.1535134746273668,COMPLETE,MountainCar-v0,A2C,,,,
78,200.0,2023-12-12 15:05:28.864665,2023-12-12 15:07:10.670446,0 days 00:01:41.805781,342.0,0.9357859474978352,0.000351535800303,0.2432320476352953,COMPLETE,MountainCar-v0,A2C,,,,
79,200.0,2023-12-12 15:07:10.679575,2023-12-12 15:09:15.852655,0 days 00:02:05.173080,64.0,0.9503272187842884,0.0002492080930253,0.4140208150676904,COMPLETE,MountainCar-v0,A2C,,,,
80,200.0,2023-12-12 15:09:15.863366,2023-12-12 15:11:00.056599,0 days 00:01:44.193233,330.0,0.9430568052527004,0.0001695492456794,0.3877735923409628,COMPLETE,MountainCar-v0,A2C,,,,
81,200.0,2023-12-12 15:11:00.080167,2023-12-12 15:12:54.435716,0 days 00:01:54.355549,106.0,0.9396368869578096,0.009120239356653,0.1816049962345743,COMPLETE,MountainCar-v0,A2C,,,,
82,200.0,2023-12-12 15:12:54.445229,2023-12-12 15:14:39.225011,0 days 00:01:44.779782,278.0,0.9477373333542696,0.0077770247232534,0.4045198612816247,COMPLETE,MountainCar-v0,A2C,,,,
83,200.0,2023-12-12 15:14:39.234718,2023-12-12 15:16:26.954506,0 days 00:01:47.719788,203.0,0.9328494371965736,0.0004585431694333,0.3105385003596524,COMPLETE,MountainCar-v0,A2C,,,,
84,200.0,2023-12-12 15:16:26.964676,2023-12-12 15:18:11.893741,0 days 00:01:44.929065,302.0,0.9376330706501718,0.0065515892558818,0.143403577866686,COMPLETE,MountainCar-v0,A2C,,,,
85,200.0,2023-12-12 15:18:11.903037,2023-12-12 15:19:58.145449,0 days 00:01:46.242412,251.0,0.9544707697476812,0.0037060820214414,0.3708628101530342,COMPLETE,MountainCar-v0,A2C,,,,
86,200.0,2023-12-12 15:19:58.153174,2023-12-12 15:21:34.684555,0 days 00:01:36.531381,315.0,0.9422389534419846,0.0005508243181265,0.2074471918492626,COMPLETE,MountainCar-v0,A2C,,,,
87,200.0,2023-12-12 15:21:34.693157,2023-12-12 15:22:59.369391,0 days 00:01:24.676234,353.0,0.9457277848322972,0.0019970657352792,0.4293128077945587,COMPLETE,MountainCar-v0,A2C,,,,
88,200.0,2023-12-12 15:22:59.376901,2023-12-12 15:24:21.910166,0 days 00:01:22.533265,298.0,0.9521232166747896,0.0001307733531444,0.3291808332761518,COMPLETE,MountainCar-v0,A2C,,,,
89,200.0,2023-12-12 15:24:21.919168,2023-12-12 15:25:42.905436,0 days 00:01:20.986268,417.0,0.9011398438624092,0.0015094761904154,0.3425821199085954,COMPLETE,MountainCar-v0,A2C,,,,
90,200.0,2023-12-12 15:25:42.913440,2023-12-12 15:27:05.131986,0 days 00:01:22.218546,322.0,0.9364595557710051,0.0012077292835368,0.3532908591543706,COMPLETE,MountainCar-v0,A2C,,,,
91,200.0,2023-12-12 15:27:05.140991,2023-12-12 15:28:31.267437,0 days 00:01:26.126446,91.0,0.939411255669524,0.005113328909808,0.1738048818240656,COMPLETE,MountainCar-v0,A2C,,,,
92,200.0,2023-12-12 15:28:31.275440,2023-12-12 15:29:59.170814,0 days 00:01:27.895374,66.0,0.934655939321471,0.0026802693364247,0.1901260349719251,COMPLETE,MountainCar-v0,A2C,,,,
93,200.0,2023-12-12 15:29:59.179817,2023-12-12 15:31:21.919999,0 days 00:01:22.740182,260.0,0.9499750533334904,0.0003413061854153,0.1339152508036377,COMPLETE,MountainCar-v0,A2C,,,,
94,200.0,2023-12-12 15:31:21.929562,2023-12-12 15:32:42.551499,0 days 00:01:20.621937,169.0,0.9415920458365514,0.0002158356305338,0.3936171141775186,COMPLETE,MountainCar-v0,A2C,,,,
95,200.0,2023-12-12 15:32:42.559771,2023-12-12 15:34:03.500178,0 days 00:01:20.940407,155.0,0.9438262186414824,0.0099961555244628,0.3827766126479074,COMPLETE,MountainCar-v0,A2C,,,,
96,200.0,2023-12-12 15:34:03.508182,2023-12-12 15:35:25.258106,0 days 00:01:21.749924,147.0,0.9454944305330149,0.0002897904104642,0.2983115134737064,COMPLETE,MountainCar-v0,A2C,,,,
97,200.0,2023-12-12 15:35:25.266011,2023-12-12 15:36:45.831241,0 days 00:01:20.565230,209.0,0.931170360632017,1.2451842378908385e-05,0.1968121315768468,COMPLETE,MountainCar-v0,A2C,,,,
98,200.0,2023-12-12 15:36:45.838253,2023-12-12 15:38:02.936738,0 days 00:01:17.098485,465.0,0.938172997320888,8.423981591777634e-05,0.1643373959810954,COMPLETE,MountainCar-v0,A2C,,,,
99,200.0,2023-12-12 15:38:02.946393,2023-12-12 15:39:22.214520,0 days 00:01:19.268127,282.0,0.925734968231818,0.0006357195965266,0.2155953938114863,COMPLETE,MountainCar-v0,A2C,,,,
0,200.0,2023-12-12 15:39:22.251599,2023-12-12 15:40:19.086875,0 days 00:00:56.835276,,0.9473966466557636,0.0023483807876968,,COMPLETE,MountainCar-v0,DQN,0.2392711394033998,1823.0,,
1,200.0,2023-12-12 15:40:19.094947,2023-12-12 15:41:13.415779,0 days 00:00:54.320832,,0.9481261507437528,0.0006958634520854,,COMPLETE,MountainCar-v0,DQN,0.2784944143696906,1015.0,,
2,157.1,2023-12-12 15:41:13.424770,2023-12-12 15:42:07.843969,0 days 00:00:54.419199,,0.9917458848024286,0.0002033949450541,,COMPLETE,MountainCar-v0,DQN,0.3855857565008955,1781.0,,
3,200.0,2023-12-12 15:42:07.851974,2023-12-12 15:43:02.165142,0 days 00:00:54.313168,,0.9951817083639364,1.564403298677232e-05,,COMPLETE,MountainCar-v0,DQN,0.383560208156961,1205.0,,
4,200.0,2023-12-12 15:43:02.174142,2023-12-12 15:43:56.466108,0 days 00:00:54.291966,,0.9540296536068368,0.0029854203570451,,COMPLETE,MountainCar-v0,DQN,0.3191509277437299,1864.0,,
5,199.6,2023-12-12 15:43:56.473110,2023-12-12 15:44:50.814582,0 days 00:00:54.341472,,0.9647674175524928,0.0002402558925658,,COMPLETE,MountainCar-v0,DQN,0.3351147278240982,1358.0,,
6,200.0,2023-12-12 15:44:50.821572,2023-12-12 15:45:46.516118,0 days 00:00:55.694546,,0.9001160649388721,0.0015165460819132,,COMPLETE,MountainCar-v0,DQN,0.4836956987808233,1485.0,,
7,200.0,2023-12-12 15:45:46.523123,2023-12-12 15:46:41.435266,0 days 00:00:54.912143,,0.9421855911663828,0.0084935578102575,,COMPLETE,MountainCar-v0,DQN,0.3381587006782487,603.0,,
8,200.0,2023-12-12 15:46:41.442257,2023-12-12 15:47:35.957121,0 days 00:00:54.514864,,0.9458229774538522,0.0002429039611979,,COMPLETE,MountainCar-v0,DQN,0.4485855763055718,807.0,,
9,200.0,2023-12-12 15:47:35.965112,2023-12-12 15:48:30.097613,0 days 00:00:54.132501,,0.9456112032497072,0.0024476404061013,,COMPLETE,MountainCar-v0,DQN,0.2523062076933869,1642.0,,
10,200.0,2023-12-12 15:48:30.104604,2023-12-12 15:49:24.823322,0 days 00:00:54.718718,,0.9994082992645114,6.0839065170749485e-05,,COMPLETE,MountainCar-v0,DQN,0.1143222815327353,1968.0,,
11,200.0,2023-12-12 15:49:24.832314,2023-12-12 15:50:19.004963,0 days 00:00:54.172649,,0.9819270775312012,0.0001566754047061,,COMPLETE,MountainCar-v0,DQN,0.412283985170615,1513.0,,
12,200.0,2023-12-12 15:50:19.012965,2023-12-12 15:51:13.452557,0 days 00:00:54.439592,,0.97528772497707,9.879278488820638e-05,,COMPLETE,MountainCar-v0,DQN,0.3754290127743868,1289.0,,
13,200.0,2023-12-12 15:51:13.460560,2023-12-12 15:52:08.242393,0 days 00:00:54.781833,,0.9717586380563504,0.0004928361678151,,COMPLETE,MountainCar-v0,DQN,0.4318420048718542,1640.0,,
14,200.0,2023-12-12 15:52:08.249396,2023-12-12 15:53:02.815926,0 days 00:00:54.566530,,0.978689524982401,5.307251733335626e-05,,COMPLETE,MountainCar-v0,DQN,0.4950579458691183,1229.0,,
15,200.0,2023-12-12 15:53:02.822929,2023-12-12 15:53:57.180535,0 days 00:00:54.357606,,0.9635014848198872,0.0003124362179199,,COMPLETE,MountainCar-v0,DQN,0.3511973729049725,1008.0,,
16,200.0,2023-12-12 15:53:57.188526,2023-12-12 15:54:51.390267,0 days 00:00:54.201741,,0.9846452248140788,0.0005806623450543,,COMPLETE,MountainCar-v0,DQN,0.3051562382649093,1428.0,,
17,200.0,2023-12-12 15:54:51.397259,2023-12-12 15:55:46.521980,0 days 00:00:55.124721,,0.9640206918021802,0.0001590737299293,,COMPLETE,MountainCar-v0,DQN,0.3929342239322397,1707.0,,
18,200.0,2023-12-12 15:55:46.530479,2023-12-12 15:56:40.995604,0 days 00:00:54.465125,,0.9901890616781388,1.9724170816753194e-05,,COMPLETE,MountainCar-v0,DQN,0.3538432089593873,1991.0,,
19,200.0,2023-12-12 15:56:41.002595,2023-12-12 15:57:35.326963,0 days 00:00:54.324368,,0.9992606165156172,3.872198016811303e-05,,COMPLETE,MountainCar-v0,DQN,0.4436682680991942,1075.0,,
20,200.0,2023-12-12 15:57:35.334967,2023-12-12 15:58:30.132166,0 days 00:00:54.797199,,0.98821135040327,1.0185695166542494e-05,,COMPLETE,MountainCar-v0,DQN,0.4075068045152366,1334.0,,
21,200.0,2023-12-12 15:58:30.139158,2023-12-12 15:59:24.464965,0 days 00:00:54.325807,,0.9328128422578876,0.0010821800847393,,COMPLETE,MountainCar-v0,DQN,0.2518406738042176,1805.0,,
22,200.0,2023-12-12 15:59:24.472956,2023-12-12 16:00:18.825424,0 days 00:00:54.352468,,0.968454095345616,0.0003608782379689,,COMPLETE,MountainCar-v0,DQN,0.2101269988491876,1784.0,,
