number,value,datetime_start,datetime_complete,duration,params_A2C_n_steps,params_gamma,params_learning_rate,params_vf_coef,state,Environment,Agent,params_exploration_fraction,params_target_update_interval,params_PPO_n_steps,params_ent_coef
23,200.0,2023-12-12 16:00:18.834426,2023-12-12 16:01:12.945029,0 days 00:00:54.110603,,0.954849433155991,0.0001739726061412,,COMPLETE,MountainCar-v0,DQN,0.311105206889295,1597.0,,
24,200.0,2023-12-12 16:01:12.952020,2023-12-12 16:02:07.545630,0 days 00:00:54.593610,,0.979193867945675,0.0002846589196376,,COMPLETE,MountainCar-v0,DQN,0.3581160133871213,1795.0,,
25,200.0,2023-12-12 16:02:07.553632,2023-12-12 16:03:01.788689,0 days 00:00:54.235057,,0.9622521931922892,0.0008693198814552,,COMPLETE,MountainCar-v0,DQN,0.2077859583779112,1904.0,,
26,200.0,2023-12-12 16:03:01.797200,2023-12-12 16:03:56.208463,0 days 00:00:54.411263,,0.9873521979293404,0.0004841696939893,,COMPLETE,MountainCar-v0,DQN,0.2872112076063478,1396.0,,
27,200.0,2023-12-12 16:03:56.215455,2023-12-12 16:04:50.840802,0 days 00:00:54.625347,,0.9721494892601644,0.0001237908358301,,COMPLETE,MountainCar-v0,DQN,0.3406280738291844,1549.0,,
28,200.0,2023-12-12 16:04:50.848794,2023-12-12 16:05:45.679515,0 days 00:00:54.830721,,0.9350852229399254,0.0002393073170751,,COMPLETE,MountainCar-v0,DQN,0.3743717437079114,1708.0,,
29,200.0,2023-12-12 16:05:45.686516,2023-12-12 16:06:39.938618,0 days 00:00:54.252102,,0.9575600430488465,0.0007643049670909,,COMPLETE,MountainCar-v0,DQN,0.2805322888130346,886.0,,
30,200.0,2023-12-12 16:06:39.945619,2023-12-12 16:07:34.590348,0 days 00:00:54.644729,,0.9939588617555852,9.42107188298592e-05,,COMPLETE,MountainCar-v0,DQN,0.3258787662583045,552.0,,
31,200.0,2023-12-12 16:07:34.597348,2023-12-12 16:08:28.693802,0 days 00:00:54.096454,,0.9509616566381496,0.0004213424692032,,COMPLETE,MountainCar-v0,DQN,0.2870848666034731,1118.0,,
32,200.0,2023-12-12 16:08:28.700804,2023-12-12 16:09:23.123505,0 days 00:00:54.422701,,0.9551926414864114,0.001420569798298,,COMPLETE,MountainCar-v0,DQN,0.3255705840831857,887.0,,
33,200.0,2023-12-12 16:09:23.132496,2023-12-12 16:10:17.648312,0 days 00:00:54.515816,,0.9666440699608254,0.000753786653289,,COMPLETE,MountainCar-v0,DQN,0.3723621010734261,722.0,,
34,200.0,2023-12-12 16:10:17.655303,2023-12-12 16:11:12.425650,0 days 00:00:54.770347,,0.9407750771483928,0.0023372438176926,,COMPLETE,MountainCar-v0,DQN,0.2580436833262868,1133.0,,
35,200.0,2023-12-12 16:11:12.432640,2023-12-12 16:12:07.142684,0 days 00:00:54.710044,,0.9590073771741208,0.0045968264710075,,COMPLETE,MountainCar-v0,DQN,0.3193236816595696,953.0,,
36,200.0,2023-12-12 16:12:07.151676,2023-12-12 16:13:01.678614,0 days 00:00:54.526938,,0.950766955397378,0.0015057492086638,,COMPLETE,MountainCar-v0,DQN,0.4704841231870349,1881.0,,
37,200.0,2023-12-12 16:13:01.686616,2023-12-12 16:13:56.473569,0 days 00:00:54.786953,,0.9464964734937598,0.004914222649939,,COMPLETE,MountainCar-v0,DQN,0.3926070842567318,720.0,,
38,200.0,2023-12-12 16:13:56.482573,2023-12-12 16:14:50.906825,0 days 00:00:54.424252,,0.9276411383322712,0.0002304449191009,,COMPLETE,MountainCar-v0,DQN,0.3287818252601051,1464.0,,
39,200.0,2023-12-12 16:14:50.914337,2023-12-12 16:15:46.249342,0 days 00:00:55.335005,,0.9756960862738526,0.0005936559119782,,COMPLETE,MountainCar-v0,DQN,0.2261132884179048,1211.0,,
40,200.0,2023-12-12 16:15:46.263854,2023-12-12 16:16:40.970203,0 days 00:00:54.706349,,0.9590934384856876,0.0003911450968704,,COMPLETE,MountainCar-v0,DQN,0.303912750184208,1349.0,,
41,200.0,2023-12-12 16:16:40.977209,2023-12-12 16:17:35.792981,0 days 00:00:54.815772,,0.995841796217396,0.0009926873524982,,COMPLETE,MountainCar-v0,DQN,0.3425575221002909,1200.0,,
42,200.0,2023-12-12 16:17:35.800984,2023-12-12 16:18:30.664917,0 days 00:00:54.863933,,0.9826749403188592,0.0019828857845744,,COMPLETE,MountainCar-v0,DQN,0.4248791741550355,1046.0,,
43,200.0,2023-12-12 16:18:30.672919,2023-12-12 16:19:25.404156,0 days 00:00:54.731237,,0.9901551955791218,9.79169645098434e-05,,COMPLETE,MountainCar-v0,DQN,0.3842885181930052,1272.0,,
44,200.0,2023-12-12 16:19:25.410156,2023-12-12 16:20:20.137065,0 days 00:00:54.726909,,0.9932479173163968,0.0031234776079522,,COMPLETE,MountainCar-v0,DQN,0.4080486930169846,1707.0,,
45,200.0,2023-12-12 16:20:20.201241,2023-12-12 16:21:14.458958,0 days 00:00:54.257717,,0.98380669744181,7.165625975687296e-05,,COMPLETE,MountainCar-v0,DQN,0.3599933267067065,1930.0,,
46,200.0,2023-12-12 16:21:14.465960,2023-12-12 16:22:08.827646,0 days 00:00:54.361686,,0.9788461885227628,0.0001976191212617,,COMPLETE,MountainCar-v0,DQN,0.4712038453627556,965.0,,
47,200.0,2023-12-12 16:22:08.836705,2023-12-12 16:23:03.397121,0 days 00:00:54.560416,,0.9994829880116084,0.0003047473447225,,COMPLETE,MountainCar-v0,DQN,0.3663641689858204,1145.0,,
48,200.0,2023-12-12 16:23:03.405124,2023-12-12 16:23:57.728776,0 days 00:00:54.323652,,0.9858927704603468,3.811084984650833e-05,,COMPLETE,MountainCar-v0,DQN,0.3935554252628432,1583.0,,
49,200.0,2023-12-12 16:23:57.737778,2023-12-12 16:24:52.287048,0 days 00:00:54.549270,,0.9727890625268548,0.000539103589806,,COMPLETE,MountainCar-v0,DQN,0.3544464922206196,1475.0,,
50,200.0,2023-12-12 16:24:52.296078,2023-12-12 16:25:47.114044,0 days 00:00:54.817966,,0.9691498707098684,0.0001274778920734,,COMPLETE,MountainCar-v0,DQN,0.3407128514381913,1331.0,,
51,200.0,2023-12-12 16:25:47.121046,2023-12-12 16:26:41.512984,0 days 00:00:54.391938,,0.9511121311720532,0.0012989499629899,,COMPLETE,MountainCar-v0,DQN,0.3091751486844357,1861.0,,
52,200.0,2023-12-12 16:26:41.521034,2023-12-12 16:27:36.030036,0 days 00:00:54.509002,,0.9453429072159314,0.0018529212602121,,COMPLETE,MountainCar-v0,DQN,0.4273399397236014,1830.0,,
53,200.0,2023-12-12 16:27:36.038038,2023-12-12 16:28:30.325286,0 days 00:00:54.287248,,0.965004430904578,0.0012109239984747,,COMPLETE,MountainCar-v0,DQN,0.37890892813729,1752.0,,
54,200.0,2023-12-12 16:28:30.334292,2023-12-12 16:29:25.092283,0 days 00:00:54.757991,,0.9912885454082484,0.0003242541740117,,COMPLETE,MountainCar-v0,DQN,0.2936448857754681,1636.0,,
55,200.0,2023-12-12 16:29:25.099784,2023-12-12 16:30:19.468996,0 days 00:00:54.369212,,0.9967938818901086,0.000671939906594,,COMPLETE,MountainCar-v0,DQN,0.2652238323089232,1973.0,,
56,200.0,2023-12-12 16:30:19.476998,2023-12-12 16:31:13.911672,0 days 00:00:54.434674,,0.9752841472317252,0.0001890532133989,,COMPLETE,MountainCar-v0,DQN,0.2743679242692012,1689.0,,
57,200.0,2023-12-12 16:31:13.918734,2023-12-12 16:32:08.532814,0 days 00:00:54.614080,,0.988378896366399,0.000895412263314,,COMPLETE,MountainCar-v0,DQN,0.3001117845904819,1527.0,,
58,200.0,2023-12-12 16:32:08.539999,2023-12-12 16:33:02.677309,0 days 00:00:54.137310,,0.9605345400166626,0.0004436543733221,,COMPLETE,MountainCar-v0,DQN,0.2455514015632334,1948.0,,
59,200.0,2023-12-12 16:33:02.684395,2023-12-12 16:33:56.928017,0 days 00:00:54.243622,,0.9542799618765248,1.159235590901754e-05,,COMPLETE,MountainCar-v0,DQN,0.3365875316544749,1761.0,,
60,200.0,2023-12-12 16:33:56.936134,2023-12-12 16:34:51.420725,0 days 00:00:54.484591,,0.982582580530734,0.0001375230081097,,COMPLETE,MountainCar-v0,DQN,0.3469315918303426,1068.0,,
61,200.0,2023-12-12 16:34:51.428728,2023-12-12 16:35:46.323059,0 days 00:00:54.894331,,0.9128343305218128,0.0010565610353049,,COMPLETE,MountainCar-v0,DQN,0.4373482479968346,1357.0,,
62,192.9,2023-12-12 16:35:46.330051,2023-12-12 16:36:40.864179,0 days 00:00:54.534128,,0.9683384735885614,0.0029502353959586,,COMPLETE,MountainCar-v0,DQN,0.4575825696236564,1414.0,,
63,200.0,2023-12-12 16:36:40.872182,2023-12-12 16:37:35.388739,0 days 00:00:54.516557,,0.963037869280532,0.0030979264565924,,COMPLETE,MountainCar-v0,DQN,0.4135185838847308,1397.0,,
64,200.0,2023-12-12 16:37:35.397732,2023-12-12 16:38:30.017636,0 days 00:00:54.619904,,0.9664832874235282,0.0002434212398523,,COMPLETE,MountainCar-v0,DQN,0.3126144867273349,1174.0,,
65,200.0,2023-12-12 16:38:30.024638,2023-12-12 16:39:24.334956,0 days 00:00:54.310318,,0.9566435281551012,0.0018387739620231,,COMPLETE,MountainCar-v0,DQN,0.4423970063645671,1263.0,,
66,200.0,2023-12-12 16:39:24.341947,2023-12-12 16:40:18.715879,0 days 00:00:54.373932,,0.9608428146227546,0.0059708644111672,,COMPLETE,MountainCar-v0,DQN,0.366460687466115,1851.0,,
67,200.0,2023-12-12 16:40:18.722881,2023-12-12 16:41:13.127735,0 days 00:00:54.404854,,0.9690373229388712,0.0029403835090994,,COMPLETE,MountainCar-v0,DQN,0.321931857282799,800.0,,
68,200.0,2023-12-12 16:41:13.137839,2023-12-12 16:42:07.299355,0 days 00:00:54.161516,,0.9525183030005464,0.0082807760485633,,COMPLETE,MountainCar-v0,DQN,0.4547296871660339,1305.0,,
69,200.0,2023-12-12 16:42:07.307492,2023-12-12 16:43:01.568102,0 days 00:00:54.260610,,0.94698534002164,0.0015695786251969,,COMPLETE,MountainCar-v0,DQN,0.4861016729543133,1653.0,,
70,200.0,2023-12-12 16:43:01.576105,2023-12-12 16:43:55.856567,0 days 00:00:54.280462,,0.9572769068682936,0.0024731845431962,,COMPLETE,MountainCar-v0,DQN,0.397826742708351,1416.0,,
71,200.0,2023-12-12 16:43:55.863570,2023-12-12 16:44:49.882849,0 days 00:00:54.019279,,0.9046496939850928,0.0006735831881606,,COMPLETE,MountainCar-v0,DQN,0.4550513419671889,1567.0,,
72,200.0,2023-12-12 16:44:49.890848,2023-12-12 16:45:45.669870,0 days 00:00:55.779022,,0.979970502428232,0.0011985685921748,,COMPLETE,MountainCar-v0,DQN,0.4925257741381671,1908.0,,
73,200.0,2023-12-12 16:45:45.677872,2023-12-12 16:46:40.300082,0 days 00:00:54.622210,,0.9419842003398008,0.0008468865609302,,COMPLETE,MountainCar-v0,DQN,0.4233205115241501,1466.0,,
74,200.0,2023-12-12 16:46:40.307084,2023-12-12 16:47:34.909134,0 days 00:00:54.602050,,0.953858867577848,0.0005125376503461,,COMPLETE,MountainCar-v0,DQN,0.4998841048820286,1017.0,,
75,200.0,2023-12-12 16:47:34.918136,2023-12-12 16:48:29.666955,0 days 00:00:54.748819,,0.9627691515371763,0.0037640961699436,,COMPLETE,MountainCar-v0,DQN,0.3332898342226704,1250.0,,
76,200.0,2023-12-12 16:48:29.673957,2023-12-12 16:49:24.044393,0 days 00:00:54.370436,,0.9859870487923686,0.0016289356819091,,COMPLETE,MountainCar-v0,DQN,0.3546127617843457,1806.0,,
77,200.0,2023-12-12 16:49:24.053394,2023-12-12 16:50:18.851804,0 days 00:00:54.798410,,0.9474207018423392,0.0022413775517339,,COMPLETE,MountainCar-v0,DQN,0.3839515812785081,1498.0,,
78,200.0,2023-12-12 16:50:18.859871,2023-12-12 16:51:13.493603,0 days 00:00:54.633732,,0.9392155135959334,0.0003444520798478,,COMPLETE,MountainCar-v0,DQN,0.2950748313805892,1743.0,,
79,200.0,2023-12-12 16:51:13.501605,2023-12-12 16:52:07.866718,0 days 00:00:54.365113,,0.975088474093708,0.000400641911655,,COMPLETE,MountainCar-v0,DQN,0.4144682610208465,1614.0,,
80,200.0,2023-12-12 16:52:07.873709,2023-12-12 16:53:02.164004,0 days 00:00:54.290295,,0.9485354045844416,0.0001626940133066,,COMPLETE,MountainCar-v0,DQN,0.475980895010745,1303.0,,
81,200.0,2023-12-12 16:53:02.172004,2023-12-12 16:53:56.858453,0 days 00:00:54.686449,,0.9524950427856488,0.0025554332795399,,COMPLETE,MountainCar-v0,DQN,0.3172626632964908,676.0,,
82,200.0,2023-12-12 16:53:56.868459,2023-12-12 16:54:51.083717,0 days 00:00:54.215258,,0.9493347813214872,0.0038836852681765,,COMPLETE,MountainCar-v0,DQN,0.3318685590494341,1370.0,,
83,200.0,2023-12-12 16:54:51.091720,2023-12-12 16:55:46.233442,0 days 00:00:55.141722,,0.9560521439700036,0.0021462165006388,,COMPLETE,MountainCar-v0,DQN,0.3685079354169731,659.0,,
84,200.0,2023-12-12 16:55:46.240445,2023-12-12 16:56:41.169163,0 days 00:00:54.928718,,0.9433723038514636,0.0014952776291826,,COMPLETE,MountainCar-v0,DQN,0.3992796176662783,601.0,,
85,200.0,2023-12-12 16:56:41.177166,2023-12-12 16:57:35.764416,0 days 00:00:54.587250,,0.9373846695334324,0.0057884922885452,,COMPLETE,MountainCar-v0,DQN,0.4627489361970111,1437.0,,
86,200.0,2023-12-12 16:57:35.771419,2023-12-12 16:58:30.345958,0 days 00:00:54.574539,,0.9295269741730736,0.0092949067214127,,COMPLETE,MountainCar-v0,DQN,0.3473245089656662,832.0,,
87,200.0,2023-12-12 16:58:30.354960,2023-12-12 16:59:25.158672,0 days 00:00:54.803712,,0.9586441603820396,0.0020166001586852,,COMPLETE,MountainCar-v0,DQN,0.3070260671239405,2000.0,,
88,200.0,2023-12-12 16:59:25.167915,2023-12-12 17:00:19.817443,0 days 00:00:54.649528,,0.9446638187357276,0.0013481795966462,,COMPLETE,MountainCar-v0,DQN,0.2838109484825818,1095.0,,
89,200.0,2023-12-12 17:00:19.827444,2023-12-12 17:01:14.427815,0 days 00:00:54.600371,,0.9710311826760648,0.0010125106067668,,COMPLETE,MountainCar-v0,DQN,0.3640561703118321,514.0,,
90,200.0,2023-12-12 17:01:14.434965,2023-12-12 17:02:09.067928,0 days 00:00:54.632963,,0.9498989964544414,0.003791238859124,,COMPLETE,MountainCar-v0,DQN,0.3255113621046107,1527.0,,
91,200.0,2023-12-12 17:02:09.076933,2023-12-12 17:03:03.896238,0 days 00:00:54.819305,,0.9438992587652176,0.0002684962817004,,COMPLETE,MountainCar-v0,DQN,0.4333068193759434,948.0,,
92,200.0,2023-12-12 17:03:03.906242,2023-12-12 17:03:58.279023,0 days 00:00:54.372781,,0.9664533994808984,0.0003013770545392,,COMPLETE,MountainCar-v0,DQN,0.4487453934039795,758.0,,
93,200.0,2023-12-12 17:03:58.287025,2023-12-12 17:04:52.747732,0 days 00:00:54.460707,,0.9454510528455936,0.0003803992135127,,COMPLETE,MountainCar-v0,DQN,0.3774014024099028,1175.0,,
94,200.0,2023-12-12 17:04:52.754724,2023-12-12 17:05:47.814199,0 days 00:00:55.059475,,0.9409189533075614,0.0002174153682254,,COMPLETE,MountainCar-v0,DQN,0.4792506952931776,1890.0,,
95,200.0,2023-12-12 17:05:47.822203,2023-12-12 17:06:42.328652,0 days 00:00:54.506449,,0.9969492183837056,0.0004634991829534,,COMPLETE,MountainCar-v0,DQN,0.4687563655067123,905.0,,
96,200.0,2023-12-12 17:06:42.337653,2023-12-12 17:07:37.252587,0 days 00:00:54.914934,,0.9508111756396128,0.0017131308025389,,COMPLETE,MountainCar-v0,DQN,0.3405315539007306,862.0,,
97,200.0,2023-12-12 17:07:37.260589,2023-12-12 17:08:32.286972,0 days 00:00:55.026383,,0.9471306957427874,0.0001403224082894,,COMPLETE,MountainCar-v0,DQN,0.3515761541590763,985.0,,
98,200.0,2023-12-12 17:08:32.294063,2023-12-12 17:09:26.891243,0 days 00:00:54.597180,,0.9920924191087188,0.0027886467922853,,COMPLETE,MountainCar-v0,DQN,0.4413595467084907,576.0,,
99,200.0,2023-12-12 17:09:26.899752,2023-12-12 17:10:21.195003,0 days 00:00:54.295251,,0.9643607745484656,0.0002592135983212,,COMPLETE,MountainCar-v0,DQN,0.4603102378637898,1225.0,,
0,169.5,2023-12-12 09:04:52.585641,2023-12-12 09:07:15.330076,0 days 00:02:22.744435,,0.995852597785482,0.0015130081073677,,COMPLETE,MountainCar-v0,PPO,,,256.0,0.0039250153971719
1,200.0,2023-12-12 09:07:15.337586,2023-12-12 09:09:35.375012,0 days 00:02:20.037426,,0.9138821967899852,0.0009221198960301,,COMPLETE,MountainCar-v0,PPO,,,512.0,0.0002855088963445
2,200.0,2023-12-12 09:09:35.383071,2023-12-12 09:11:55.591917,0 days 00:02:20.208846,,0.9456300164793912,0.0003231450499315,,COMPLETE,MountainCar-v0,PPO,,,512.0,0.0003344654203783
3,200.0,2023-12-12 09:11:55.597921,2023-12-12 09:14:18.710930,0 days 00:02:23.113009,,0.9915847615590154,1.118040450530811e-05,,COMPLETE,MountainCar-v0,PPO,,,128.0,2.3153054557671582e-05
4,200.0,2023-12-12 09:14:18.718022,2023-12-12 09:16:38.387419,0 days 00:02:19.669397,,0.9154724663984346,0.0001567909412417,,COMPLETE,MountainCar-v0,PPO,,,1024.0,0.0021710270432646
5,200.0,2023-12-12 09:16:38.395420,2023-12-12 09:18:57.248310,0 days 00:02:18.852890,,0.9363542030703748,0.0030527425770392,,COMPLETE,MountainCar-v0,PPO,,,896.0,0.0016063929987229
6,200.0,2023-12-12 09:18:57.255311,2023-12-12 09:21:16.574783,0 days 00:02:19.319472,,0.9247911329874352,1.287553991549314e-05,,COMPLETE,MountainCar-v0,PPO,,,768.0,0.0004007815198899
7,200.0,2023-12-12 09:21:16.582897,2023-12-12 09:23:36.072665,0 days 00:02:19.489768,,0.96798009984708,1.5715309837005093e-05,,COMPLETE,MountainCar-v0,PPO,,,576.0,4.675066564815929e-05
8,200.0,2023-12-12 09:23:36.079665,2023-12-12 09:25:56.065565,0 days 00:02:19.985900,,0.9637709784356756,1.0652417707993176e-05,,COMPLETE,MountainCar-v0,PPO,,,704.0,0.0032851271546551
9,200.0,2023-12-12 09:25:56.072677,2023-12-12 09:28:15.729490,0 days 00:02:19.656813,,0.9461282804734802,0.0001154001988325,,COMPLETE,MountainCar-v0,PPO,,,704.0,5.8573511772603546e-05
10,165.1,2023-12-12 09:28:15.736490,2023-12-12 09:30:37.837951,0 days 00:02:22.101461,,0.993188563482559,0.0081242129692485,,COMPLETE,MountainCar-v0,PPO,,,256.0,0.035984799509007
11,139.4,2023-12-12 09:30:37.845953,2023-12-12 09:33:00.187832,0 days 00:02:22.341879,,0.998097369130885,0.0098935983360672,,COMPLETE,MountainCar-v0,PPO,,,256.0,0.0361389288505036
12,198.2,2023-12-12 09:33:00.194832,2023-12-12 09:35:23.392306,0 days 00:02:23.197474,,0.9982895676937972,0.008855962619249,,COMPLETE,MountainCar-v0,PPO,,,256.0,0.0866387216673635
13,200.0,2023-12-12 09:35:23.399306,2023-12-12 09:37:48.599616,0 days 00:02:25.200310,,0.9785930010684616,0.0098714620452779,,COMPLETE,MountainCar-v0,PPO,,,64.0,0.0459004807323718
14,130.9,2023-12-12 09:37:48.606618,2023-12-12 09:40:08.172193,0 days 00:02:19.565575,,0.9827286042065252,0.0045458682506632,,COMPLETE,MountainCar-v0,PPO,,,640.0,0.0225885575937613
15,200.0,2023-12-12 09:40:08.180269,2023-12-12 09:42:28.062699,0 days 00:02:19.882430,,0.9801484086212364,0.0027160315049837,,COMPLETE,MountainCar-v0,PPO,,,640.0,0.0147391496027821
16,125.5,2023-12-12 09:42:28.069699,2023-12-12 09:44:47.944305,0 days 00:02:19.874606,,0.9807969153542958,0.0040115817630685,,COMPLETE,MountainCar-v0,PPO,,,640.0,0.0096736103628604
17,117.7,2023-12-12 09:44:47.953307,2023-12-12 09:47:08.591427,0 days 00:02:20.638120,,0.9608636678987428,0.0036116829718302,,COMPLETE,MountainCar-v0,PPO,,,640.0,0.0071344174347875
18,200.0,2023-12-12 09:47:08.599517,2023-12-12 09:49:29.038022,0 days 00:02:20.438505,,0.9611349404526156,0.0015110575639077,,COMPLETE,MountainCar-v0,PPO,,,640.0,0.0061203020320578
19,200.0,2023-12-12 09:49:29.045073,2023-12-12 09:51:53.693309,0 days 00:02:24.648236,,0.9532216479823444,0.0045550197575394,,COMPLETE,MountainCar-v0,PPO,,,192.0,0.0082014959277072
20,200.0,2023-12-12 09:51:53.700314,2023-12-12 09:54:14.357488,0 days 00:02:20.657174,,0.9724410460577876,0.0007787623823451,,COMPLETE,MountainCar-v0,PPO,,,448.0,0.0086722382308224
21,134.7,2023-12-12 09:54:14.365490,2023-12-12 09:56:34.081227,0 days 00:02:19.715737,,0.9814443480832574,0.0044087357773606,,COMPLETE,MountainCar-v0,PPO,,,640.0,0.0163408750564186
22,121.6,2023-12-12 09:56:34.089290,2023-12-12 09:58:54.091979,0 days 00:02:20.002689,,0.9834734417370384,0.0043712759490295,,COMPLETE,MountainCar-v0,PPO,,,384.0,0.0170467824313755
23,140.7,2023-12-12 09:58:54.099161,2023-12-12 10:01:14.422699,0 days 00:02:20.323538,,0.9731723251216484,0.0022719960665334,,COMPLETE,MountainCar-v0,PPO,,,384.0,0.0103898364788852
24,131.7,2023-12-12 10:01:14.429748,2023-12-12 10:03:33.405479,0 days 00:02:18.975731,,0.9590914648980312,0.0046110721812375,,COMPLETE,MountainCar-v0,PPO,,,960.0,0.0045668093124839
25,124.8,2023-12-12 10:03:33.412607,2023-12-12 10:05:53.349381,0 days 00:02:19.936774,,0.9859823286764368,0.0016522489824932,,COMPLETE,MountainCar-v0,PPO,,,384.0,0.0012445022151973
26,200.0,2023-12-12 10:05:53.356383,2023-12-12 10:08:13.872734,0 days 00:02:20.516351,,0.9859477656852668,0.0015220222614605,,COMPLETE,MountainCar-v0,PPO,,,384.0,0.0010714233152644
27,200.0,2023-12-12 10:08:13.879735,2023-12-12 10:10:35.290229,0 days 00:02:21.410494,,0.9888068116990748,0.0008342038299517,,COMPLETE,MountainCar-v0,PPO,,,320.0,0.0023221960731485
28,133.5,2023-12-12 10:10:35.298721,2023-12-12 10:12:54.177868,0 days 00:02:18.879147,,0.9707917115677056,0.0023211826868516,,COMPLETE,MountainCar-v0,PPO,,,832.0,0.0009474899745537
29,113.1,2023-12-12 10:12:54.185869,2023-12-12 10:15:15.877576,0 days 00:02:21.691707,,0.9890798714594348,0.0015322099446299,,COMPLETE,MountainCar-v0,PPO,,,384.0,0.0039325904971507
30,200.0,2023-12-12 10:15:15.885087,2023-12-12 10:17:37.309341,0 days 00:02:21.424254,,0.9997897983575744,0.0062878726323319,,COMPLETE,MountainCar-v0,PPO,,,384.0,0.0043454443545825
31,200.0,2023-12-12 10:17:37.318342,2023-12-12 10:19:58.215340,0 days 00:02:20.896998,,0.9888617807931032,0.001672597608019,,COMPLETE,MountainCar-v0,PPO,,,384.0,0.0049252350503626
32,200.0,2023-12-12 10:19:58.223343,2023-12-12 10:22:19.513159,0 days 00:02:21.289816,,0.9764553576481982,0.0012282869200371,,COMPLETE,MountainCar-v0,PPO,,,384.0,0.0032373743162559
33,200.0,2023-12-12 10:22:19.521160,2023-12-12 10:24:41.443923,0 days 00:02:21.922763,,0.9866011889497196,0.0032354669629554,,COMPLETE,MountainCar-v0,PPO,,,384.0,0.0157618945414602
34,200.0,2023-12-12 10:24:41.451923,2023-12-12 10:27:02.896443,0 days 00:02:21.444520,,0.9949515752563056,0.0005922188194073,,COMPLETE,MountainCar-v0,PPO,,,512.0,0.0012124505099888
35,200.0,2023-12-12 10:27:02.903571,2023-12-12 10:29:27.582800,0 days 00:02:24.679229,,0.96701508108576,0.002327572272043,,COMPLETE,MountainCar-v0,PPO,,,128.0,0.0005905931211542
36,134.5,2023-12-12 10:29:27.590806,2023-12-12 10:31:46.300465,0 days 00:02:18.709659,,0.9917190050772008,0.0057748255208121,,COMPLETE,MountainCar-v0,PPO,,,896.0,0.0023414766824216
37,200.0,2023-12-12 10:31:46.309546,2023-12-12 10:34:06.994831,0 days 00:02:20.685285,,0.9748715017680286,0.0011707052362942,,COMPLETE,MountainCar-v0,PPO,,,1024.0,0.0061456726983375
38,200.0,2023-12-12 10:34:07.003833,2023-12-12 10:36:27.464640,0 days 00:02:20.460807,,0.9851093114113434,0.0030959502397359,,COMPLETE,MountainCar-v0,PPO,,,768.0,0.0022304914812208
39,200.0,2023-12-12 10:36:27.472740,2023-12-12 10:38:46.000333,0 days 00:02:18.527593,,0.992944250806556,0.0061730239421573,,COMPLETE,MountainCar-v0,PPO,,,576.0,0.0013090230769591
40,133.0,2023-12-12 10:38:46.008422,2023-12-12 10:41:05.368828,0 days 00:02:19.360406,,0.9672719527425044,0.0020094941456243,,COMPLETE,MountainCar-v0,PPO,,,384.0,0.0006150201543516
41,141.3,2023-12-12 10:41:05.375830,2023-12-12 10:43:24.156715,0 days 00:02:18.780885,,0.9820725653699592,0.0036995094409784,,COMPLETE,MountainCar-v0,PPO,,,640.0,0.0107145327734703
