number,value,datetime_start,datetime_complete,duration,params_A2C_n_steps,params_gamma,params_learning_rate,params_vf_coef,state,Environment,Agent,params_exploration_fraction,params_target_update_interval,params_PPO_n_steps,params_ent_coef
0,-9.4,2023-12-11 21:55:36.165628,2023-12-11 21:56:48.836590,0 days 00:01:12.670962,255.0,0.987966036673252,0.0068155904829497,0.2739897294360157,COMPLETE,CartPole-v1,A2C,,,,
1,-42.3,2023-12-11 21:56:48.843591,2023-12-11 21:57:59.834257,0 days 00:01:10.990666,359.0,0.9105676749258196,0.0001020412601003,0.2418557515797817,COMPLETE,CartPole-v1,A2C,,,,
2,-262.2,2023-12-11 21:57:59.841259,2023-12-11 21:59:10.866927,0 days 00:01:11.025668,447.0,0.9868934902565372,0.0006612084325738,0.1295814709891763,COMPLETE,CartPole-v1,A2C,,,,
3,-500.0,2023-12-11 21:59:10.873967,2023-12-11 22:00:23.168204,0 days 00:01:12.294237,438.0,0.966055172228118,0.0019324524961787,0.3286725461262983,COMPLETE,CartPole-v1,A2C,,,,
4,-189.2,2023-12-11 22:00:23.176196,2023-12-11 22:01:37.687174,0 days 00:01:14.510978,130.0,0.9531916178249772,0.0001375813403413,0.34910451022888,COMPLETE,CartPole-v1,A2C,,,,
5,-32.2,2023-12-11 22:01:37.697216,2023-12-11 22:02:48.782677,0 days 00:01:11.085461,339.0,0.9494369942768474,6.036800792977576e-05,0.463721769222729,COMPLETE,CartPole-v1,A2C,,,,
6,-34.7,2023-12-11 22:02:48.793186,2023-12-11 22:04:02.724821,0 days 00:01:13.931635,115.0,0.9806999957763792,1.734146797274683e-05,0.1102940324234492,COMPLETE,CartPole-v1,A2C,,,,
7,-247.4,2023-12-11 22:04:02.733823,2023-12-11 22:05:15.612871,0 days 00:01:12.879048,315.0,0.9569305852614882,0.0004580690990602,0.4865590801451261,COMPLETE,CartPole-v1,A2C,,,,
8,-49.8,2023-12-11 22:05:15.619963,2023-12-11 22:06:28.842558,0 days 00:01:13.222595,185.0,0.9539179417356852,6.38531069392256e-05,0.2459551213206653,COMPLETE,CartPole-v1,A2C,,,,
9,-500.0,2023-12-11 22:06:28.850560,2023-12-11 22:07:44.580312,0 days 00:01:15.729752,142.0,0.9258640214989464,0.0011073917594912,0.340899888592331,COMPLETE,CartPole-v1,A2C,,,,
10,-500.0,2023-12-11 22:07:44.587773,2023-12-11 22:08:56.334302,0 days 00:01:11.746529,498.0,0.9716061334398098,0.0036426001975926,0.4144773090451981,COMPLETE,CartPole-v1,A2C,,,,
11,-500.0,2023-12-11 22:08:56.342295,2023-12-11 22:10:36.307686,0 days 00:01:39.965391,13.0,0.9286565572955378,0.0016165847760679,0.3484657557200976,COMPLETE,CartPole-v1,A2C,,,,
12,-463.8,2023-12-11 22:10:36.315678,2023-12-11 22:12:04.566081,0 days 00:01:28.250403,23.0,0.9311199089883162,0.0014600072448513,0.34662538674394,COMPLETE,CartPole-v1,A2C,,,,
13,-121.0,2023-12-11 22:12:04.573134,2023-12-11 22:13:17.595865,0 days 00:01:13.022731,202.0,0.9679977568584314,0.0084314712208337,0.3912471372770062,COMPLETE,CartPole-v1,A2C,,,,
14,-442.4,2023-12-11 22:13:17.602947,2023-12-11 22:14:30.022964,0 days 00:01:12.420017,408.0,0.9985979504116964,0.0015512737810734,0.3071369442735053,COMPLETE,CartPole-v1,A2C,,,,
15,-498.4,2023-12-11 22:14:30.029965,2023-12-11 22:15:45.321661,0 days 00:01:15.291696,260.0,0.9076615351795052,0.0007187350281943,0.4172505667933539,COMPLETE,CartPole-v1,A2C,,,,
16,-500.0,2023-12-11 22:15:45.328732,2023-12-11 22:17:03.322401,0 days 00:01:17.993669,79.0,0.937104524572578,0.0029338812969968,0.210809059409573,COMPLETE,CartPole-v1,A2C,,,,
17,-389.1,2023-12-11 22:17:03.329403,2023-12-11 22:18:17.802570,0 days 00:01:14.473167,196.0,0.9195565183304896,0.0004153940992622,0.3115279538399482,COMPLETE,CartPole-v1,A2C,,,,
18,-98.3,2023-12-11 22:18:17.810575,2023-12-11 22:19:28.401018,0 days 00:01:10.590443,495.0,0.9412946073870484,0.0001994797284138,0.1906460245937341,COMPLETE,CartPole-v1,A2C,,,,
19,-251.7,2023-12-11 22:19:28.408028,2023-12-11 22:20:41.544885,0 days 00:01:13.136857,295.0,0.9005598766065607,0.0008638939387452,0.2905274339250779,COMPLETE,CartPole-v1,A2C,,,,
20,-182.2,2023-12-11 22:20:41.551876,2023-12-11 22:21:52.654727,0 days 00:01:11.102851,414.0,0.9236920768464292,0.0033923115100299,0.3793336352573076,COMPLETE,CartPole-v1,A2C,,,,
21,-500.0,2023-12-11 22:21:52.661729,2023-12-11 22:23:04.655113,0 days 00:01:11.993384,495.0,0.9674579228285412,0.0039467782846532,0.4431112349148429,COMPLETE,CartPole-v1,A2C,,,,
22,-500.0,2023-12-11 22:23:04.663116,2023-12-11 22:24:16.850751,0 days 00:01:12.187635,448.0,0.9679701968310384,0.0022970451656815,0.4193369767625562,COMPLETE,CartPole-v1,A2C,,,,
23,-409.3,2023-12-11 22:24:16.857754,2023-12-11 22:25:29.334406,0 days 00:01:12.476652,409.0,0.9435350515737146,0.0052466895724436,0.3730032859928444,COMPLETE,CartPole-v1,A2C,,,,
24,-500.0,2023-12-11 22:25:29.342407,2023-12-11 22:26:42.358234,0 days 00:01:13.015827,374.0,0.9621668592710072,0.0054253251233963,0.4969768914298261,COMPLETE,CartPole-v1,A2C,,,,
25,-500.0,2023-12-11 22:26:42.366225,2023-12-11 22:27:54.299260,0 days 00:01:11.933035,472.0,0.9754639274220092,0.0095166993052059,0.3294087617432198,COMPLETE,CartPole-v1,A2C,,,,
26,-500.0,2023-12-11 22:27:54.306252,2023-12-11 22:29:09.905442,0 days 00:01:15.599190,150.0,0.9478872053205591,0.0011559659280902,0.405879383008949,COMPLETE,CartPole-v1,A2C,,,,
27,-500.0,2023-12-11 22:29:09.912512,2023-12-11 22:30:29.093400,0 days 00:01:19.180888,59.0,0.9596250011227726,0.0023813338215209,0.3739361297860939,COMPLETE,CartPole-v1,A2C,,,,
28,-499.9,2023-12-11 22:30:29.101903,2023-12-11 22:31:41.380947,0 days 00:01:12.279044,450.0,0.9758719230847442,0.0010602694889156,0.4260068959060713,COMPLETE,CartPole-v1,A2C,,,,
29,-500.0,2023-12-11 22:31:41.390021,2023-12-11 22:32:55.679348,0 days 00:01:14.289327,246.0,0.9357797879248816,0.0053594285687614,0.2730758884220224,COMPLETE,CartPole-v1,A2C,,,,
30,-500.0,2023-12-11 22:32:55.686339,2023-12-11 22:34:08.506469,0 days 00:01:12.820130,382.0,0.9462251034130617,0.0022055180336318,0.4480883848371463,COMPLETE,CartPole-v1,A2C,,,,
31,-500.0,2023-12-11 22:34:08.514471,2023-12-11 22:35:27.493805,0 days 00:01:18.979334,74.0,0.9207887337315732,0.0016964988100373,0.3412251060152863,COMPLETE,CartPole-v1,A2C,,,,
32,-500.0,2023-12-11 22:35:27.500808,2023-12-11 22:37:37.458987,0 days 00:02:09.958179,6.0,0.9324580682550532,0.0016752703169202,0.3649943697735215,COMPLETE,CartPole-v1,A2C,,,,
33,-500.0,2023-12-11 22:37:37.465978,2023-12-11 22:38:57.680044,0 days 00:01:20.214066,50.0,0.9283665646896608,0.0035790898314875,0.3259462571734031,COMPLETE,CartPole-v1,A2C,,,,
34,-467.9,2023-12-11 22:38:57.686035,2023-12-11 22:40:14.019042,0 days 00:01:16.333007,120.0,0.9137612681905348,0.0006239538633863,0.4012096925173701,COMPLETE,CartPole-v1,A2C,,,,
35,-495.1,2023-12-11 22:40:14.026033,2023-12-11 22:41:29.443658,0 days 00:01:15.417625,163.0,0.9391915306226823,0.0010824116178596,0.3560636159926363,COMPLETE,CartPole-v1,A2C,,,,
36,-108.5,2023-12-11 22:41:29.450659,2023-12-11 22:42:42.393578,0 days 00:01:12.942919,233.0,0.9272454213606204,0.0063942098522977,0.3352619477523216,COMPLETE,CartPole-v1,A2C,,,,
37,-500.0,2023-12-11 22:42:42.401580,2023-12-11 22:43:55.822055,0 days 00:01:13.420475,346.0,0.952367508631887,0.0006357895780342,0.3854080745260418,COMPLETE,CartPole-v1,A2C,,,,
38,-500.0,2023-12-11 22:43:55.829564,2023-12-11 22:45:10.997472,0 days 00:01:15.167908,278.0,0.9460644435230656,0.0023774631225535,0.3603340361509411,COMPLETE,CartPole-v1,A2C,,,,
39,-500.0,2023-12-11 22:45:11.004472,2023-12-11 22:46:27.852526,0 days 00:01:16.848054,100.0,0.935089840120621,0.0038426595511428,0.3191788708980636,COMPLETE,CartPole-v1,A2C,,,,
40,-133.4,2023-12-11 22:46:27.860527,2023-12-11 22:47:38.563322,0 days 00:01:10.702795,469.0,0.9557412167339,0.0002852671265886,0.2852761032491213,COMPLETE,CartPole-v1,A2C,,,,
41,-500.0,2023-12-11 22:47:38.571322,2023-12-11 22:48:56.200619,0 days 00:01:17.629297,89.0,0.9399500001881866,0.0024497307758907,0.3002637499246847,COMPLETE,CartPole-v1,A2C,,,,
42,-182.0,2023-12-11 22:48:56.208718,2023-12-11 22:50:17.218753,0 days 00:01:21.010035,40.0,0.936857690627941,0.001164044430128,0.2562568942398483,COMPLETE,CartPole-v1,A2C,,,,
43,-271.6,2023-12-11 22:50:17.226756,2023-12-11 22:51:43.079170,0 days 00:01:25.852414,26.0,0.9297047224229568,0.003143302848922,0.2139054737650487,COMPLETE,CartPole-v1,A2C,,,,
44,-500.0,2023-12-11 22:51:43.086172,2023-12-11 22:53:01.168598,0 days 00:01:18.082426,76.0,0.9494667689092,0.0044848834080559,0.3522355072421115,COMPLETE,CartPole-v1,A2C,,,,
45,-140.8,2023-12-11 22:53:01.176600,2023-12-11 22:54:15.207245,0 days 00:01:14.030645,142.0,0.925482692580255,0.007650936912183,0.3070358195075574,COMPLETE,CartPole-v1,A2C,,,,
46,-500.0,2023-12-11 22:54:15.215346,2023-12-11 22:56:06.982122,0 days 00:01:51.766776,9.0,0.9868749290636236,0.0014667977390626,0.3910203118437674,COMPLETE,CartPole-v1,A2C,,,,
47,-500.0,2023-12-11 22:56:06.991125,2023-12-11 22:57:23.493285,0 days 00:01:16.502160,104.0,0.9316136219061356,0.0008672276254233,0.3417604552371426,COMPLETE,CartPole-v1,A2C,,,,
48,-205.7,2023-12-11 22:57:23.500288,2023-12-11 22:58:36.724250,0 days 00:01:13.223962,221.0,0.917268141014139,0.0028324947846524,0.1523324460941652,COMPLETE,CartPole-v1,A2C,,,,
49,-500.0,2023-12-11 22:58:36.731252,2023-12-11 22:59:49.139189,0 days 00:01:12.407937,429.0,0.9430839084644734,0.0020794647310311,0.3187271827735951,COMPLETE,CartPole-v1,A2C,,,,
50,-262.2,2023-12-11 22:59:49.146185,2023-12-11 23:01:11.333297,0 days 00:01:22.187112,35.0,0.9235881645825892,0.0017967457443788,0.2767380877089418,COMPLETE,CartPole-v1,A2C,,,,
51,-500.0,2023-12-11 23:01:11.340300,2023-12-11 23:02:23.407674,0 days 00:01:12.067374,497.0,0.9642158409634742,0.0041764762339312,0.440668791729945,COMPLETE,CartPole-v1,A2C,,,,
52,-473.4,2023-12-11 23:02:23.415675,2023-12-11 23:03:35.636803,0 days 00:01:12.221128,475.0,0.9685068782771264,0.0069209839754035,0.4612791810659959,COMPLETE,CartPole-v1,A2C,,,,
53,-500.0,2023-12-11 23:03:35.644795,2023-12-11 23:04:47.505001,0 days 00:01:11.860206,481.0,0.9569559166975417,0.0036792647063828,0.4727611855822966,COMPLETE,CartPole-v1,A2C,,,,
54,-9.0,2023-12-11 23:04:47.512993,2023-12-11 23:05:58.803695,0 days 00:01:11.290702,327.0,0.9724476732941482,0.0046525212037462,0.4008932656230294,COMPLETE,CartPole-v1,A2C,,,,
55,-500.0,2023-12-11 23:05:58.811701,2023-12-11 23:07:10.946617,0 days 00:01:12.134916,430.0,0.9632065193543036,0.0029396237865447,0.3726963621393658,COMPLETE,CartPole-v1,A2C,,,,
56,-500.0,2023-12-11 23:07:10.953633,2023-12-11 23:08:25.908729,0 days 00:01:14.955096,187.0,0.9522763356220584,0.0014153396869915,0.429924230207131,COMPLETE,CartPole-v1,A2C,,,,
57,-500.0,2023-12-11 23:08:25.915720,2023-12-11 23:09:37.889327,0 days 00:01:11.973607,459.0,0.9779103248134824,0.0028406372854961,0.4070674914873713,COMPLETE,CartPole-v1,A2C,,,,
58,-137.5,2023-12-11 23:09:37.896320,2023-12-11 23:10:48.868731,0 days 00:01:10.972411,431.0,0.9801340330887686,0.0090245201665039,0.2987054277797268,COMPLETE,CartPole-v1,A2C,,,,
59,-500.0,2023-12-11 23:10:48.875731,2023-12-11 23:12:02.079980,0 days 00:01:13.204249,379.0,0.97095101312323,0.0058932408934286,0.3473535156713362,COMPLETE,CartPole-v1,A2C,,,,
60,-500.0,2023-12-11 23:12:02.088058,2023-12-11 23:13:20.567497,0 days 00:01:18.479439,64.0,0.9595266836266144,0.0019911632429463,0.3242525430126625,COMPLETE,CartPole-v1,A2C,,,,
61,-500.0,2023-12-11 23:13:20.574489,2023-12-11 23:14:32.550353,0 days 00:01:11.975864,498.0,0.96648950477798,0.0019405460078491,0.4226489728776092,COMPLETE,CartPole-v1,A2C,,,,
62,-500.0,2023-12-11 23:14:32.558345,2023-12-11 23:15:45.244143,0 days 00:01:12.685798,447.0,0.973151203071546,0.0026673613631611,0.4112248369221158,COMPLETE,CartPole-v1,A2C,,,,
63,-500.0,2023-12-11 23:15:45.252145,2023-12-11 23:17:00.367176,0 days 00:01:15.115031,169.0,0.9600528158601024,0.0013724476104992,0.3860156201184385,COMPLETE,CartPole-v1,A2C,,,,
64,-500.0,2023-12-11 23:17:00.375177,2023-12-11 23:18:13.019714,0 days 00:01:12.644537,395.0,0.968935020133606,0.0033242761275983,0.435017265199047,COMPLETE,CartPole-v1,A2C,,,,
65,-500.0,2023-12-11 23:18:13.026705,2023-12-11 23:19:24.772330,0 days 00:01:11.745625,488.0,0.964351371579232,0.0020667450517141,0.3669567614655561,COMPLETE,CartPole-v1,A2C,,,,
66,-500.0,2023-12-11 23:19:24.780465,2023-12-11 23:20:38.748723,0 days 00:01:13.968258,451.0,0.9670781114810654,0.0046291067751188,0.4226473505910528,COMPLETE,CartPole-v1,A2C,,,,
67,-500.0,2023-12-11 23:20:38.755714,2023-12-11 23:21:55.135696,0 days 00:01:16.379982,124.0,0.9742451613071882,0.0017122883215148,0.4547443401939103,COMPLETE,CartPole-v1,A2C,,,,
68,-500.0,2023-12-11 23:21:55.144697,2023-12-11 23:23:08.959505,0 days 00:01:13.814808,295.0,0.9836751344012866,0.0024611175897177,0.4715448555204973,COMPLETE,CartPole-v1,A2C,,,,
69,-103.2,2023-12-11 23:23:08.967500,2023-12-11 23:24:19.629654,0 days 00:01:10.662154,423.0,0.9712184219770514,0.005386605480383,0.4449744792870021,COMPLETE,CartPole-v1,A2C,,,,
70,-500.0,2023-12-11 23:24:19.637657,2023-12-11 23:25:32.135459,0 days 00:01:12.497802,466.0,0.9342953227941724,0.0037374585833847,0.3312631104797376,COMPLETE,CartPole-v1,A2C,,,,
71,-500.0,2023-12-11 23:25:32.142450,2023-12-11 23:26:45.211045,0 days 00:01:13.068595,373.0,0.9766991611180948,0.0071922918177027,0.4906205137581603,COMPLETE,CartPole-v1,A2C,,,,
72,-135.4,2023-12-11 23:26:45.219159,2023-12-11 23:27:55.683387,0 days 00:01:10.464228,443.0,0.962216405296068,0.0054597674012708,0.4938123225781725,COMPLETE,CartPole-v1,A2C,,,,
73,-500.0,2023-12-11 23:27:55.691389,2023-12-11 23:29:08.844722,0 days 00:01:13.153333,356.0,0.9673838438667924,0.003259882127737,0.4788137927668188,COMPLETE,CartPole-v1,A2C,,,,
74,-184.3,2023-12-11 23:29:08.851712,2023-12-11 23:30:19.680344,0 days 00:01:10.828632,480.0,0.9610251222648478,0.004539950125517,0.4541183232456116,COMPLETE,CartPole-v1,A2C,,,,
75,-500.0,2023-12-11 23:30:19.688347,2023-12-11 23:31:32.059044,0 days 00:01:12.370697,405.0,0.9568538633301472,0.0026712023603229,0.4150403445972484,COMPLETE,CartPole-v1,A2C,,,,
76,-191.2,2023-12-11 23:31:32.066035,2023-12-11 23:32:43.837636,0 days 00:01:11.771601,393.0,0.9271356623860862,0.0012737597866797,0.3803040633727045,COMPLETE,CartPole-v1,A2C,,,,
77,-254.3,2023-12-11 23:32:43.844638,2023-12-11 23:33:55.175928,0 days 00:01:11.331290,458.0,0.9705018044012674,0.0022199834340683,0.4347474929494768,COMPLETE,CartPole-v1,A2C,,,,
78,-325.7,2023-12-11 23:33:55.182995,2023-12-11 23:35:12.243934,0 days 00:01:17.060939,85.0,0.930445492096452,0.0009384245767421,0.3665108861671902,COMPLETE,CartPole-v1,A2C,,,,
79,-455.0,2023-12-11 23:35:12.252444,2023-12-11 23:36:32.101429,0 days 00:01:19.848985,53.0,0.9650771632255448,0.0014923724137069,0.3940293268477742,COMPLETE,CartPole-v1,A2C,,,,
80,-265.4,2023-12-11 23:36:32.110724,2023-12-11 23:37:46.482618,0 days 00:01:14.371894,139.0,0.9535489432942406,0.0080732612529162,0.463783767274461,COMPLETE,CartPole-v1,A2C,,,,
81,-500.0,2023-12-11 23:37:46.489658,2023-12-11 23:38:58.814661,0 days 00:01:12.325003,471.0,0.9689980535005038,0.0062266579154997,0.3366106504084261,COMPLETE,CartPole-v1,A2C,,,,
82,-367.7,2023-12-11 23:38:58.822732,2023-12-11 23:40:10.176181,0 days 00:01:11.353449,483.0,0.975240292863672,0.0039977798611562,0.3498513668336521,COMPLETE,CartPole-v1,A2C,,,,
83,-500.0,2023-12-11 23:40:10.184247,2023-12-11 23:41:22.596539,0 days 00:01:12.412292,442.0,0.9734722418598328,0.0074231220596212,0.4819795387158549,COMPLETE,CartPole-v1,A2C,,,,
84,-500.0,2023-12-11 23:41:22.603583,2023-12-11 23:42:34.336282,0 days 00:01:11.732699,500.0,0.9777792929781436,0.005070235876173,0.3359712840186621,COMPLETE,CartPole-v1,A2C,,,,
85,-500.0,2023-12-11 23:42:34.344365,2023-12-11 23:43:46.702188,0 days 00:01:12.357823,419.0,0.9656162076541458,0.0099853604503003,0.3580221847041499,COMPLETE,CartPole-v1,A2C,,,,
86,-500.0,2023-12-11 23:43:46.710191,2023-12-11 23:45:01.868815,0 days 00:01:15.158624,211.0,0.96365072646046,0.0039095542950182,0.3204877398970941,COMPLETE,CartPole-v1,A2C,,,,
87,-500.0,2023-12-11 23:45:01.875816,2023-12-11 23:46:14.305378,0 days 00:01:12.429562,466.0,0.9726259692507152,0.0064408987798587,0.3095725364396784,COMPLETE,CartPole-v1,A2C,,,,
88,-174.7,2023-12-11 23:46:14.312422,2023-12-11 23:47:41.502278,0 days 00:01:27.189856,23.0,0.933063619250322,0.0032990446345592,0.4966360044609919,COMPLETE,CartPole-v1,A2C,,,,
89,-500.0,2023-12-11 23:47:41.509571,2023-12-11 23:48:53.225590,0 days 00:01:11.716019,486.0,0.9386568581821044,0.00233432361782,0.400072761934813,COMPLETE,CartPole-v1,A2C,,,,
90,-500.0,2023-12-11 23:48:53.232713,2023-12-11 23:50:07.504167,0 days 00:01:14.271454,263.0,0.9706539527992702,0.0018641921601014,0.3768919983327042,COMPLETE,CartPole-v1,A2C,,,,
91,-500.0,2023-12-11 23:50:07.512159,2023-12-11 23:51:26.053374,0 days 00:01:18.541215,68.0,0.94734965679064,0.0011641169276634,0.4107094365227001,COMPLETE,CartPole-v1,A2C,,,,
92,-500.0,2023-12-11 23:51:26.060375,2023-12-11 23:52:41.611503,0 days 00:01:15.551128,136.0,0.9426715930717764,0.0007789799708357,0.4440479313931875,COMPLETE,CartPole-v1,A2C,,,,
93,-500.0,2023-12-11 23:52:41.619669,2023-12-11 23:53:57.031024,0 days 00:01:15.411355,151.0,0.9507493697859852,0.0016002797218783,0.4265501645609074,COMPLETE,CartPole-v1,A2C,,,,
94,-500.0,2023-12-11 23:53:57.038118,2023-12-11 23:55:13.481580,0 days 00:01:16.443462,112.0,0.936521915340942,0.0010434939839611,0.3466020678616393,COMPLETE,CartPole-v1,A2C,,,,
95,-500.0,2023-12-11 23:55:13.489656,2023-12-11 23:56:30.681109,0 days 00:01:17.191453,94.0,0.9588489671886652,0.0017518221356723,0.4176164089391082,COMPLETE,CartPole-v1,A2C,,,,
96,-250.9,2023-12-11 23:56:30.687181,2023-12-11 23:57:41.714135,0 days 00:01:11.026954,434.0,0.95427366220385,0.0027368807486642,0.3927828672819121,COMPLETE,CartPole-v1,A2C,,,,
97,-449.4,2023-12-11 23:57:41.722138,2023-12-11 23:58:56.447980,0 days 00:01:14.725842,169.0,0.9614202055840784,0.0005400685851101,0.3286387253479351,COMPLETE,CartPole-v1,A2C,,,,
98,-500.0,2023-12-11 23:58:56.456972,2023-12-12 00:00:08.863949,0 days 00:01:12.406977,458.0,0.9656609259442094,0.0012824689080009,0.3631799762275339,COMPLETE,CartPole-v1,A2C,,,,
99,-500.0,2023-12-12 00:00:08.871943,2023-12-12 00:01:30.988258,0 days 00:01:22.116315,39.0,0.9750347373946544,0.0031678447108215,0.3831915511757222,COMPLETE,CartPole-v1,A2C,,,,
0,-12.3,2023-12-12 00:01:31.010268,2023-12-12 00:02:20.291658,0 days 00:00:49.281390,,0.906543164420804,2.755302799267677e-05,,COMPLETE,CartPole-v1,DQN,0.4603586410676048,1228.0,,
1,-9.8,2023-12-12 00:02:20.299696,2023-12-12 00:03:09.772084,0 days 00:00:49.472388,,0.904012123836606,2.709845784516074e-05,,COMPLETE,CartPole-v1,DQN,0.1669227278817416,581.0,,
2,-92.2,2023-12-12 00:03:09.782085,2023-12-12 00:03:58.708833,0 days 00:00:48.926748,,0.9954350572927936,0.0028231468208327,,COMPLETE,CartPole-v1,DQN,0.1893606687649292,851.0,,
3,-120.6,2023-12-12 00:03:58.715835,2023-12-12 00:04:48.215922,0 days 00:00:49.500087,,0.95290253498079,0.0042344228699144,,COMPLETE,CartPole-v1,DQN,0.2858843235416389,1568.0,,
4,-145.6,2023-12-12 00:04:48.225025,2023-12-12 00:05:38.455002,0 days 00:00:50.229977,,0.9336344375599612,7.88359428608556e-05,,COMPLETE,CartPole-v1,DQN,0.2417251078348192,1008.0,,
5,-197.1,2023-12-12 00:05:38.462003,2023-12-12 00:06:27.783157,0 days 00:00:49.321154,,0.9549901483757606,0.0002929588892953,,COMPLETE,CartPole-v1,DQN,0.4470621493593824,1100.0,,
6,-160.4,2023-12-12 00:06:27.791445,2023-12-12 00:07:17.172144,0 days 00:00:49.380699,,0.9669064275531292,0.0002066454428594,,COMPLETE,CartPole-v1,DQN,0.1264987418986653,849.0,,
7,-185.6,2023-12-12 00:07:17.179184,2023-12-12 00:08:06.685158,0 days 00:00:49.505974,,0.9179965879454286,0.0002067627923785,,COMPLETE,CartPole-v1,DQN,0.2090148353975345,1336.0,,
8,-10.1,2023-12-12 00:08:06.691159,2023-12-12 00:08:56.486861,0 days 00:00:49.795702,,0.910456887530784,1.6648035206483762e-05,,COMPLETE,CartPole-v1,DQN,0.1870484574521541,582.0,,
9,-83.6,2023-12-12 00:08:56.494991,2023-12-12 00:09:45.784050,0 days 00:00:49.289059,,0.9301580331663208,0.0004510002568738,,COMPLETE,CartPole-v1,DQN,0.2480180510023398,638.0,,
10,-151.6,2023-12-12 00:09:45.791054,2023-12-12 00:10:35.239495,0 days 00:00:49.448441,,0.9713827068724884,0.0009907846992343,,COMPLETE,CartPole-v1,DQN,0.410910907107923,1982.0,,
11,-197.5,2023-12-12 00:10:35.251497,2023-12-12 00:11:24.726060,0 days 00:00:49.474563,,0.930891421739272,0.000149582437818,,COMPLETE,CartPole-v1,DQN,0.374998880721758,1498.0,,
12,-162.8,2023-12-12 00:11:24.734141,2023-12-12 00:12:14.471657,0 days 00:00:49.737516,,0.9418785639045378,0.0001207408607057,,COMPLETE,CartPole-v1,DQN,0.3752709290246857,1664.0,,
13,-113.6,2023-12-12 00:12:14.478700,2023-12-12 00:13:03.749807,0 days 00:00:49.271107,,0.9544422516095006,0.0005332052395536,,COMPLETE,CartPole-v1,DQN,0.3536281818377355,1370.0,,
14,-134.7,2023-12-12 00:13:03.757809,2023-12-12 00:13:53.027159,0 days 00:00:49.269350,,0.9232165752006026,6.419690784594712e-05,,COMPLETE,CartPole-v1,DQN,0.4639145637332257,1096.0,,
15,-14.6,2023-12-12 00:13:53.035160,2023-12-12 00:14:42.304650,0 days 00:00:49.269490,,0.9394671285831004,0.0089236612915727,,COMPLETE,CartPole-v1,DQN,0.4960468808579121,1652.0,,
16,-98.2,2023-12-12 00:14:42.312651,2023-12-12 00:15:32.712010,0 days 00:00:50.399359,,0.9201346779149124,0.0009748089545214,,COMPLETE,CartPole-v1,DQN,0.3345700631308985,1917.0,,
17,-179.5,2023-12-12 00:15:32.719060,2023-12-12 00:16:22.329229,0 days 00:00:49.610169,,0.9446917999264054,0.000251366593658,,COMPLETE,CartPole-v1,DQN,0.406536766208652,1502.0,,
18,-9.7,2023-12-12 00:16:22.337231,2023-12-12 00:17:12.023240,0 days 00:00:49.686009,,0.9574138035820476,1.0285367556350675e-05,,COMPLETE,CartPole-v1,DQN,0.3244459655060535,1803.0,,
19,-187.3,2023-12-12 00:17:12.032241,2023-12-12 00:18:01.950824,0 days 00:00:49.918583,,0.9332853974966268,0.0001080801056853,,COMPLETE,CartPole-v1,DQN,0.3933722756904951,1115.0,,
