number,value,datetime_start,datetime_complete,duration,params_exploration_fraction,params_gamma,params_learning_rate,params_target_update_interval,state
0,-0.3,2023-12-12 07:33:35.644503,2023-12-12 07:34:30.468362,0 days 00:00:54.823859,0.19746432367061784,0.9237644613197837,0.00045226011299239133,1536,COMPLETE
1,-0.7,2023-12-12 07:34:30.478364,2023-12-12 07:35:25.600775,0 days 00:00:55.122411,0.14201445030474014,0.9688012424749403,0.00039817326426500233,772,COMPLETE
2,-0.7,2023-12-12 07:35:25.607776,2023-12-12 07:36:20.236658,0 days 00:00:54.628882,0.17252194514448652,0.950605714488321,8.854926545790171e-05,882,COMPLETE
3,-0.2,2023-12-12 07:36:20.243707,2023-12-12 07:37:14.469836,0 days 00:00:54.226129,0.27206068910711945,0.9880168101694515,0.007383671901364704,1673,COMPLETE
4,-0.5,2023-12-12 07:37:14.477838,2023-12-12 07:38:09.054897,0 days 00:00:54.577059,0.16890539495152704,0.9410814626823079,2.811784067961982e-05,1731,COMPLETE
5,-0.5,2023-12-12 07:38:09.065012,2023-12-12 07:39:03.508625,0 days 00:00:54.443613,0.4908584973676139,0.9955657960996593,6.353559232379995e-05,578,COMPLETE
6,-0.1,2023-12-12 07:39:03.517629,2023-12-12 07:39:58.125267,0 days 00:00:54.607638,0.2888953834322506,0.9956441804820217,1.2500829115770524e-05,1034,COMPLETE
7,-0.5,2023-12-12 07:39:58.133269,2023-12-12 07:40:53.202289,0 days 00:00:55.069020,0.17008647256249546,0.9541068358386792,0.0003747447432578189,909,COMPLETE
8,-0.1,2023-12-12 07:40:53.210405,2023-12-12 07:41:47.620351,0 days 00:00:54.409946,0.1560194599265052,0.9146525014507029,0.00014791061130861935,1765,COMPLETE
9,-0.6,2023-12-12 07:41:47.631454,2023-12-12 07:42:42.312577,0 days 00:00:54.681123,0.1808841534286493,0.9172200726030397,6.440146117223551e-05,1009,COMPLETE
10,-0.5,2023-12-12 07:42:42.319705,2023-12-12 07:43:37.045944,0 days 00:00:54.726239,0.11737573918613242,0.9708122595617912,0.001664722727125466,535,COMPLETE
11,-0.5,2023-12-12 07:43:37.054082,2023-12-12 07:44:31.756859,0 days 00:00:54.702777,0.10553000742387847,0.9611965938271141,0.00020574196905744722,730,COMPLETE
12,-0.6,2023-12-12 07:44:31.765909,2023-12-12 07:45:28.230057,0 days 00:00:56.464148,0.24171644001369325,0.9439852402443784,0.0011723949883163415,1324,COMPLETE
13,-0.4,2023-12-12 07:45:28.238058,2023-12-12 07:46:22.675311,0 days 00:00:54.437253,0.3448071884021831,0.973393233539695,8.472644457094453e-05,1236,COMPLETE
14,-0.6,2023-12-12 07:46:22.683385,2023-12-12 07:47:17.547844,0 days 00:00:54.864459,0.10232371987937763,0.9334835834996855,2.6857642481132173e-05,764,COMPLETE
15,-0.7,2023-12-12 07:47:17.554845,2023-12-12 07:48:12.265687,0 days 00:00:54.710842,0.22730967322491974,0.9027224423249558,0.0006629149092619429,1210,COMPLETE
16,-0.4,2023-12-12 07:48:12.273690,2023-12-12 07:49:06.761615,0 days 00:00:54.487925,0.2155512958468223,0.9603789846024813,0.0002187694135339049,771,COMPLETE
17,-0.3,2023-12-12 07:49:06.769618,2023-12-12 07:50:01.599762,0 days 00:00:54.830144,0.14911348482196227,0.9527922799045468,0.0008227765033059008,944,COMPLETE
18,-0.2,2023-12-12 07:50:01.607764,2023-12-12 07:50:56.090455,0 days 00:00:54.482691,0.13911763014108955,0.9755548289323351,0.00013748517592458045,1941,COMPLETE
19,-0.6,2023-12-12 07:50:56.099458,2023-12-12 07:51:50.802424,0 days 00:00:54.702966,0.3310652427439748,0.9376226058631483,0.00029852316571567456,1098,COMPLETE
20,-0.5,2023-12-12 07:51:50.811427,2023-12-12 07:52:45.363206,0 days 00:00:54.551779,0.20239352479487968,0.9490573112859936,0.001333972062020333,1420,COMPLETE
21,-0.3,2023-12-12 07:52:45.372208,2023-12-12 07:53:39.925568,0 days 00:00:54.553360,0.23522679252826695,0.9011770200177137,0.0005403317573581528,1227,COMPLETE
22,-0.2,2023-12-12 07:53:39.932746,2023-12-12 07:54:34.423917,0 days 00:00:54.491171,0.14575804873596515,0.931413611360248,0.0006419591548037002,836,COMPLETE
23,-0.6,2023-12-12 07:54:34.432919,2023-12-12 07:55:29.825965,0 days 00:00:55.393046,0.2396694366724539,0.9021682345855504,0.002460975363655723,649,COMPLETE
24,-0.4,2023-12-12 07:55:29.834115,2023-12-12 07:56:24.373622,0 days 00:00:54.539507,0.19315506019085557,0.945571665246567,0.00032245778501396015,1125,COMPLETE
25,-0.6,2023-12-12 07:56:24.380627,2023-12-12 07:57:18.849014,0 days 00:00:54.468387,0.12729464085194672,0.9293903506160287,0.0007142800232432172,1364,COMPLETE
26,-0.5,2023-12-12 07:57:18.857030,2023-12-12 07:58:13.273581,0 days 00:00:54.416551,0.16102802575370329,0.962019994957562,0.00012192016553835975,894,COMPLETE
27,-0.6,2023-12-12 07:58:13.281582,2023-12-12 07:59:07.975699,0 days 00:00:54.694117,0.21176149072511488,0.9360793171053958,0.00024983574948868656,1172,COMPLETE
28,-0.2,2023-12-12 07:59:07.982762,2023-12-12 08:00:02.737068,0 days 00:00:54.754306,0.13190279491588314,0.9418889537828677,0.0004141716355170173,620,COMPLETE
29,-0.3,2023-12-12 08:00:02.747120,2023-12-12 08:00:57.628746,0 days 00:00:54.881626,0.18546919345374904,0.927037143653547,0.0004543518594564373,1564,COMPLETE
30,-0.5,2023-12-12 08:00:57.644753,2023-12-12 08:01:52.355897,0 days 00:00:54.711144,0.1889566672022583,0.9229315160840156,0.00018245762293169287,1479,COMPLETE
31,-0.4,2023-12-12 08:01:52.363902,2023-12-12 08:02:47.111278,0 days 00:00:54.747376,0.17476667422366704,0.9096122907642563,6.666475130471967e-05,1019,COMPLETE
32,-0.6,2023-12-12 08:02:47.119454,2023-12-12 08:03:41.731542,0 days 00:00:54.612088,0.21958936950572244,0.9212017377962058,4.939445866506001e-05,993,COMPLETE
33,-0.5,2023-12-12 08:03:41.738544,2023-12-12 08:04:36.577395,0 days 00:00:54.838851,0.12798978081139023,0.9156616965346045,0.00010905641474927893,848,COMPLETE
34,-0.5,2023-12-12 08:04:36.595518,2023-12-12 08:05:31.991731,0 days 00:00:55.396213,0.25842269929494366,0.9070465560371294,3.978203648060864e-05,693,COMPLETE
35,-0.4,2023-12-12 08:05:31.999834,2023-12-12 08:06:26.596046,0 days 00:00:54.596212,0.17626884145366323,0.9175000366516055,8.055510252878835e-05,1082,COMPLETE
36,-0.4,2023-12-12 08:06:26.604420,2023-12-12 08:07:21.089235,0 days 00:00:54.484815,0.1591710776842232,0.9093481129074298,0.0001061338063898879,938,COMPLETE
37,-0.5,2023-12-12 08:07:21.097236,2023-12-12 08:08:16.152042,0 days 00:00:55.054806,0.20063398816547495,0.9224696583335407,0.0001782878298413789,1298,COMPLETE
38,-0.1,2023-12-12 08:08:16.159349,2023-12-12 08:09:10.614277,0 days 00:00:54.454928,0.2675327631104343,0.9005186259113825,0.0002811980666825865,503,COMPLETE
39,-0.2,2023-12-12 08:09:10.622278,2023-12-12 08:10:05.291372,0 days 00:00:54.669094,0.16771619446068475,0.938606944378553,2.5809368943492537e-05,823,COMPLETE
40,-0.0,2023-12-12 08:10:05.298503,2023-12-12 08:11:00.119730,0 days 00:00:54.821227,0.1197078027727765,0.9287214312778781,1.2921202350199688e-05,1153,COMPLETE
41,-0.6,2023-12-12 08:11:00.127731,2023-12-12 08:11:54.948186,0 days 00:00:54.820455,0.23509544768140234,0.9451332141592689,0.0012179304325158453,1308,COMPLETE
42,-0.5,2023-12-12 08:11:54.954187,2023-12-12 08:12:49.491164,0 days 00:00:54.536977,0.2516255364860688,0.9803967679910927,0.0009051163755844368,1630,COMPLETE
43,-0.4,2023-12-12 08:12:49.498255,2023-12-12 08:13:44.219667,0 days 00:00:54.721412,0.28232677768639985,0.9554460398087599,0.0005159992157988877,1221,COMPLETE
44,-0.7,2023-12-12 08:13:44.229669,2023-12-12 08:14:38.677204,0 days 00:00:54.447535,0.2209704407154034,0.9654334564482956,0.00039448666103443297,1033,COMPLETE
45,-0.6,2023-12-12 08:14:38.685207,2023-12-12 08:15:34.484953,0 days 00:00:55.799746,0.21983553610307002,0.9671592928263696,0.0003994616958896228,1037,COMPLETE
46,-0.6,2023-12-12 08:15:34.492955,2023-12-12 08:16:28.896188,0 days 00:00:54.403233,0.18304204042874658,0.9651937015369849,0.00015838802701708229,1001,COMPLETE
47,-0.3,2023-12-12 08:16:28.904190,2023-12-12 08:17:23.703862,0 days 00:00:54.799672,0.15549695856960766,0.9585519019579497,0.0002480852151367091,766,COMPLETE
48,-0.6,2023-12-12 08:17:23.712862,2023-12-12 08:18:18.418521,0 days 00:00:54.705659,0.13953327667679055,0.9495748210781879,0.00033625656411073854,891,COMPLETE
49,-0.5,2023-12-12 08:18:18.427523,2023-12-12 08:19:12.952852,0 days 00:00:54.525329,0.20090379911716283,0.9557805827751659,0.000169996529116869,961,COMPLETE
50,-0.8,2023-12-12 08:19:12.959851,2023-12-12 08:20:07.955917,0 days 00:00:54.996066,0.11296046901005818,0.9690046383457266,0.0002283328277268007,1059,COMPLETE
51,-0.6,2023-12-12 08:20:07.965050,2023-12-12 08:21:02.733129,0 days 00:00:54.768079,0.11259736395436325,0.9790397318377877,0.00021219920693672304,1049,COMPLETE
52,-0.8,2023-12-12 08:21:02.741131,2023-12-12 08:21:57.271870,0 days 00:00:54.530739,0.14567965932297008,0.968986041667335,0.0005864049044279543,1158,COMPLETE
53,-0.6,2023-12-12 08:21:57.372411,2023-12-12 08:22:52.057239,0 days 00:00:54.684828,0.10811927792853557,0.9685056128478808,0.0005925670975456307,1174,COMPLETE
54,-0.3,2023-12-12 08:22:52.066241,2023-12-12 08:23:46.761157,0 days 00:00:54.694916,0.14236295456371,0.9719658486926718,0.00040293669152624524,1108,COMPLETE
55,-0.6,2023-12-12 08:23:46.769366,2023-12-12 08:24:41.365268,0 days 00:00:54.595902,0.10419290618575879,0.9650282006675072,0.0003159094473450528,1401,COMPLETE
56,-0.5,2023-12-12 08:24:41.373270,2023-12-12 08:25:36.403744,0 days 00:00:55.030474,0.1613274869357901,0.9621026920574715,0.0008408965883855846,1206,COMPLETE
57,-0.3,2023-12-12 08:25:36.412749,2023-12-12 08:26:31.539756,0 days 00:00:55.127007,0.14701669360997965,0.9750639847840995,0.0005416697728938918,699,COMPLETE
58,-0.4,2023-12-12 08:26:31.546757,2023-12-12 08:27:26.077866,0 days 00:00:54.531109,0.12978631405490745,0.9701604116653969,0.0007066533456042606,868,COMPLETE
59,-0.3,2023-12-12 08:27:26.084866,2023-12-12 08:28:20.967068,0 days 00:00:54.882202,0.11887774671690444,0.9511541567806983,0.00025683596109465776,814,COMPLETE
60,-0.6,2023-12-12 08:28:20.985172,2023-12-12 08:29:15.735033,0 days 00:00:54.749861,0.17881942715871607,0.9587496587235428,0.00047345237167972906,1272,COMPLETE
61,-0.6,2023-12-12 08:29:15.744037,2023-12-12 08:30:10.355795,0 days 00:00:54.611758,0.16998789117668295,0.9639435369382078,0.00013533767192255278,941,COMPLETE
62,-0.6,2023-12-12 08:30:10.363874,2023-12-12 08:31:04.646510,0 days 00:00:54.282636,0.14969157000168354,0.9701725018948217,0.00034309286464148447,1122,COMPLETE
63,-0.7,2023-12-12 08:31:04.654541,2023-12-12 08:31:59.369540,0 days 00:00:54.714999,0.19017838398422815,0.9577290889237091,0.00021405959705075655,979,COMPLETE
64,-0.7,2023-12-12 08:31:59.376541,2023-12-12 08:32:53.762614,0 days 00:00:54.386073,0.19177801751627419,0.9578672932963663,0.00021567888881122437,1060,COMPLETE
65,-0.3,2023-12-12 08:32:53.769728,2023-12-12 08:33:48.458384,0 days 00:00:54.688656,0.10123504313872057,0.9613086684274493,0.00038482597000478314,976,COMPLETE
66,-0.3,2023-12-12 08:33:48.467388,2023-12-12 08:34:42.731208,0 days 00:00:54.263820,0.21030153737933804,0.95486408975613,0.0002843400161906696,1951,COMPLETE
67,-0.4,2023-12-12 08:34:42.739310,2023-12-12 08:35:38.591194,0 days 00:00:55.851884,0.1355923480778558,0.9471560714190945,0.000982953434133562,591,COMPLETE
68,-0.8,2023-12-12 08:35:38.599197,2023-12-12 08:36:33.125684,0 days 00:00:54.526487,0.16507932230276895,0.9674354832836017,0.0006617301509476738,786,COMPLETE
69,-0.3,2023-12-12 08:36:33.133791,2023-12-12 08:37:27.968077,0 days 00:00:54.834286,0.15526954555012634,0.9526820199965719,0.0006109498045194044,788,COMPLETE
70,-0.5,2023-12-12 08:37:27.976083,2023-12-12 08:38:22.933300,0 days 00:00:54.957217,0.16906348157793885,0.9673627866985166,0.0007171060264197096,923,COMPLETE
71,-0.6,2023-12-12 08:38:22.940343,2023-12-12 08:39:17.345143,0 days 00:00:54.404800,0.18458486262193882,0.9731312710716747,0.0004695734214097281,665,COMPLETE
72,-0.4,2023-12-12 08:39:17.354650,2023-12-12 08:40:11.976910,0 days 00:00:54.622260,0.12051837021526962,0.9636539900812046,0.0002062708506864068,1825,COMPLETE
73,-0.5,2023-12-12 08:40:11.983876,2023-12-12 08:41:06.995078,0 days 00:00:55.011202,0.19855402160666236,0.9676309990307229,0.0005048276534826726,749,COMPLETE
74,-0.6,2023-12-12 08:41:07.002082,2023-12-12 08:42:01.926604,0 days 00:00:54.924522,0.14177925636735625,0.9592208357910642,0.00033919386367587485,868,COMPLETE
75,-0.4,2023-12-12 08:42:01.935606,2023-12-12 08:42:56.833079,0 days 00:00:54.897473,0.16496123952046873,0.9525568270498024,0.0006575650115430755,1142,COMPLETE
76,-0.5,2023-12-12 08:42:56.841081,2023-12-12 08:43:51.241902,0 days 00:00:54.400821,0.22704497056842,0.9414926220605176,0.0010992356313582136,1180,COMPLETE
77,-0.6,2023-12-12 08:43:51.248979,2023-12-12 08:44:46.173450,0 days 00:00:54.924471,0.18954698289195088,0.9768872387167294,0.00041330045328158806,1080,COMPLETE
78,-0.5,2023-12-12 08:44:46.182453,2023-12-12 08:45:42.339895,0 days 00:00:56.157442,0.20901339777782402,0.9826319717940513,0.001379774760870095,713,COMPLETE
79,-0.4,2023-12-12 08:45:42.347896,2023-12-12 08:46:36.624315,0 days 00:00:54.276419,0.17822488447006196,0.9727801783838772,0.0007766657343818352,1023,COMPLETE
80,-0.7,2023-12-12 08:46:36.632468,2023-12-12 08:47:31.612420,0 days 00:00:54.979952,0.15040766593401433,0.9623411227577066,0.0001398081347874187,910,COMPLETE
81,-0.3,2023-12-12 08:47:31.620053,2023-12-12 08:48:26.291022,0 days 00:00:54.670969,0.19347373485163452,0.9578345146798685,0.00022547090200515036,1062,COMPLETE
82,-0.4,2023-12-12 08:48:26.299025,2023-12-12 08:49:20.922284,0 days 00:00:54.623259,0.22713405907602335,0.9661677512762991,0.00018987253811521444,987,COMPLETE
83,-0.5,2023-12-12 08:49:20.931285,2023-12-12 08:50:15.818564,0 days 00:00:54.887279,0.13341514123185774,0.969607069341081,0.00030449515267780617,810,COMPLETE
84,-0.8,2023-12-12 08:50:15.827565,2023-12-12 08:51:10.513968,0 days 00:00:54.686403,0.16070570051588157,0.9560251198213612,0.00027040402504155544,1096,COMPLETE
85,-0.6,2023-12-12 08:51:10.521969,2023-12-12 08:52:04.958049,0 days 00:00:54.436080,0.16232913851738762,0.94945336481886,0.00025533236223670394,1237,COMPLETE
86,-0.6,2023-12-12 08:52:04.966052,2023-12-12 08:52:59.567524,0 days 00:00:54.601472,0.15427380383127684,0.9612901874105656,0.000533461011034987,1254,COMPLETE
87,-0.7,2023-12-12 08:52:59.575527,2023-12-12 08:53:54.388968,0 days 00:00:54.813441,0.17399074233949832,0.9648029534142241,0.00039054817000089005,1192,COMPLETE
88,-0.3,2023-12-12 08:53:54.396078,2023-12-12 08:54:48.527567,0 days 00:00:54.131489,0.1211013224318153,0.9564795711900331,0.00016661435399600432,1351,COMPLETE
89,-0.7,2023-12-12 08:54:48.535568,2023-12-12 08:55:43.616434,0 days 00:00:55.080866,0.20381465786600628,0.9538738569309149,0.0001104789343191326,1112,COMPLETE
90,-0.6,2023-12-12 08:55:43.626541,2023-12-12 08:56:38.676872,0 days 00:00:55.050331,0.18480076169162363,0.9469344248381489,0.0004368729555866633,965,COMPLETE
91,-0.3,2023-12-12 08:56:38.684035,2023-12-12 08:57:33.493271,0 days 00:00:54.809236,0.19396434110924685,0.9574885900741568,0.00020942172963584098,1041,COMPLETE
92,-0.2,2023-12-12 08:57:33.500272,2023-12-12 08:58:28.281259,0 days 00:00:54.780987,0.14215361403383783,0.9594272580646908,0.0002851779036264579,1140,COMPLETE
93,-0.6,2023-12-12 08:58:28.289444,2023-12-12 08:59:23.196481,0 days 00:00:54.907037,0.16748939964109305,0.9691008128018838,0.0006108316734730198,1079,COMPLETE
94,-0.5,2023-12-12 08:59:23.203481,2023-12-12 09:00:18.165720,0 days 00:00:54.962239,0.13017426713036645,0.9634046341214301,0.0002378657966906685,882,COMPLETE
95,-0.5,2023-12-12 09:00:18.173782,2023-12-12 09:01:13.165783,0 days 00:00:54.992001,0.15655808364323354,0.9609972061590645,0.0003631276197201987,1002,COMPLETE
96,-0.2,2023-12-12 09:01:13.175785,2023-12-12 09:02:07.944767,0 days 00:00:54.768982,0.17711915619026444,0.9666976733921566,0.0001861567345207763,846,COMPLETE
97,-0.6,2023-12-12 09:02:07.951769,2023-12-12 09:03:02.904142,0 days 00:00:54.952373,0.2160758308356031,0.9559372255961911,0.0002787124199606403,1287,COMPLETE
98,-0.6,2023-12-12 09:03:02.913144,2023-12-12 09:03:57.690061,0 days 00:00:54.776917,0.18952028804858292,0.9720215644197562,0.00015322240409138154,1056,COMPLETE
99,-0.6,2023-12-12 09:03:57.699063,2023-12-12 09:04:52.566638,0 days 00:00:54.867575,0.20550339317604738,0.9506089697763576,0.0003456068517057647,949,COMPLETE
