number,value,datetime_start,datetime_complete,duration,params_A2C_n_steps,params_gamma,params_learning_rate,params_vf_coef,state
0,200.0,2023-12-12 13:14:44.121882,2023-12-12 13:16:07.074707,0 days 00:01:22.952825,251,0.9417030446009774,0.0001977779014640064,0.38518085890024634,COMPLETE
1,200.0,2023-12-12 13:16:07.083708,2023-12-12 13:17:27.724175,0 days 00:01:20.640467,320,0.997305172119698,0.005816178654933175,0.1573082892969589,COMPLETE
2,200.0,2023-12-12 13:17:27.733178,2023-12-12 13:18:51.893965,0 days 00:01:24.160787,106,0.9411403995869735,0.0004885148002441984,0.2167669017417897,COMPLETE
3,200.0,2023-12-12 13:18:51.901970,2023-12-12 13:20:12.088525,0 days 00:01:20.186555,343,0.942185296844072,1.011240890351384e-05,0.3776767177576207,COMPLETE
4,200.0,2023-12-12 13:20:12.099528,2023-12-12 13:21:31.278026,0 days 00:01:19.178498,399,0.9081240280560445,0.0011630638283637868,0.3984701478123981,COMPLETE
5,200.0,2023-12-12 13:21:31.286027,2023-12-12 13:22:53.384481,0 days 00:01:22.098454,239,0.9412348235766015,0.0003395660329482015,0.41229758432368246,COMPLETE
6,200.0,2023-12-12 13:22:53.393483,2023-12-12 13:24:12.022009,0 days 00:01:18.628526,455,0.9431851862983226,0.00012653150009051174,0.3328874732419892,COMPLETE
7,200.0,2023-12-12 13:24:12.031012,2023-12-12 13:25:36.876739,0 days 00:01:24.845727,94,0.9665581469761985,7.345589982274548e-05,0.43668238405472304,COMPLETE
8,200.0,2023-12-12 13:25:36.884741,2023-12-12 13:26:57.683516,0 days 00:01:20.798775,318,0.9355344354899419,0.009319325696440695,0.18053080535554208,COMPLETE
9,200.0,2023-12-12 13:26:57.691518,2023-12-12 13:28:19.877141,0 days 00:01:22.185623,167,0.9399805019921889,2.1636744912410466e-05,0.17213311003462275,COMPLETE
10,200.0,2023-12-12 13:28:19.886144,2023-12-12 13:30:15.570639,0 days 00:01:55.684495,10,0.901113797892844,0.0014913804549739485,0.2863845707694571,COMPLETE
11,200.0,2023-12-12 13:30:15.580640,2023-12-12 13:31:37.631740,0 days 00:01:22.051100,254,0.9857571451963327,0.008944320892762786,0.1036702399798095,COMPLETE
12,200.0,2023-12-12 13:31:37.639741,2023-12-12 13:32:59.537460,0 days 00:01:21.897719,254,0.9910926055184173,0.0023002248498237014,0.4976605563310609,COMPLETE
13,200.0,2023-12-12 13:32:59.545461,2023-12-12 13:34:17.453662,0 days 00:01:17.908201,488,0.9661399121817417,0.00010245320714752311,0.27088979832740845,COMPLETE
14,200.0,2023-12-12 13:34:17.462665,2023-12-12 13:35:38.553060,0 days 00:01:21.090395,331,0.9949946015917658,0.0006693663751690358,0.3410017070694613,COMPLETE
15,200.0,2023-12-12 13:35:38.562063,2023-12-12 13:37:00.422518,0 days 00:01:21.860455,204,0.9766670265924688,0.003491083788587267,0.2588857274653523,COMPLETE
16,200.0,2023-12-12 13:37:00.431519,2023-12-12 13:38:19.757057,0 days 00:01:19.325538,391,0.9980244701115564,0.00024173713551382093,0.10546630879018865,COMPLETE
17,200.0,2023-12-12 13:38:19.766058,2023-12-12 13:39:40.854546,0 days 00:01:21.088488,292,0.9663111757605544,0.0040743407849247746,0.33366902121229214,COMPLETE
18,200.0,2023-12-12 13:39:40.862548,2023-12-12 13:41:03.496044,0 days 00:01:22.633496,164,0.9581743105538425,0.0007504360912238027,0.23496992638413738,COMPLETE
19,200.0,2023-12-12 13:41:03.504046,2023-12-12 13:42:22.892477,0 days 00:01:19.388431,385,0.9809069726629622,0.00023343703163463658,0.3084817780322855,COMPLETE
20,200.0,2023-12-12 13:42:22.901479,2023-12-12 13:43:41.675845,0 days 00:01:18.774366,436,0.9290875276507369,0.0012129396507573216,0.14486826792333177,COMPLETE
21,200.0,2023-12-12 13:43:41.683846,2023-12-12 13:45:06.650081,0 days 00:01:24.966235,104,0.9517988709812895,0.00048254847961451826,0.22268437255942528,COMPLETE
22,200.0,2023-12-12 13:45:06.661084,2023-12-12 13:46:43.744837,0 days 00:01:37.083753,22,0.9267388244423904,0.00041692530291900185,0.20547231131599003,COMPLETE
23,200.0,2023-12-12 13:46:43.752842,2023-12-12 13:48:08.815494,0 days 00:01:25.062652,79,0.9531459222287809,0.004944905737808545,0.2470255403530225,COMPLETE
24,200.0,2023-12-12 13:48:08.823499,2023-12-12 13:49:31.712546,0 days 00:01:22.889047,161,0.97527146016603,0.0021921517230564535,0.19971970106162867,COMPLETE
25,200.0,2023-12-12 13:49:31.766076,2023-12-12 13:50:52.818521,0 days 00:01:21.052445,293,0.9881613870884499,0.0008193854000828229,0.15582087517327542,COMPLETE
26,200.0,2023-12-12 13:50:52.826512,2023-12-12 13:52:14.444030,0 days 00:01:21.617518,220,0.9565216011984075,0.00016302550102699682,0.2177573437726195,COMPLETE
27,200.0,2023-12-12 13:52:14.452037,2023-12-12 13:53:37.239702,0 days 00:01:22.787665,136,0.9996060512330047,7.789108876516722e-05,0.2458216142895022,COMPLETE
28,200.0,2023-12-12 13:53:37.247705,2023-12-12 13:54:56.976567,0 days 00:01:19.728862,363,0.9500960558098,0.0005461876166229139,0.1375952580147071,COMPLETE
29,200.0,2023-12-12 13:54:56.985569,2023-12-12 13:56:24.502916,0 days 00:01:27.517347,55,0.9479145474958662,5.3192710208465986e-05,0.18912950500424341,COMPLETE
30,200.0,2023-12-12 13:56:24.509906,2023-12-12 13:57:46.364425,0 days 00:01:21.854519,209,0.9316431600608707,0.00022672891288149358,0.29469261161233284,COMPLETE
31,200.0,2023-12-12 13:57:46.372417,2023-12-12 13:59:06.345078,0 days 00:01:19.972661,339,0.9213865968797141,1.5389400826507037e-05,0.37396321337914173,COMPLETE
32,200.0,2023-12-12 13:59:06.353069,2023-12-12 14:00:27.643367,0 days 00:01:21.290298,285,0.9430847714284435,1.0675623473648303e-05,0.38752068863796385,COMPLETE
33,200.0,2023-12-12 14:00:27.655374,2023-12-12 14:01:46.596383,0 days 00:01:18.941009,421,0.9192083066978114,3.677241851487122e-05,0.41955658242880506,COMPLETE
34,200.0,2023-12-12 14:01:46.606388,2023-12-12 14:03:06.396179,0 days 00:01:19.789791,356,0.9380386520694245,4.062773045700619e-05,0.3482927611640436,COMPLETE
35,200.0,2023-12-12 14:03:06.404182,2023-12-12 14:04:27.183889,0 days 00:01:20.779707,306,0.9462208681494125,0.00036031573610088077,0.36984509633841817,COMPLETE
36,200.0,2023-12-12 14:04:27.191882,2023-12-12 14:05:49.473507,0 days 00:01:22.281625,261,0.9367159045952534,0.00014641962564054928,0.3162529911480775,COMPLETE
37,200.0,2023-12-12 14:05:49.481498,2023-12-12 14:07:08.874772,0 days 00:01:19.393274,365,0.9429570250993979,2.323774532846328e-05,0.4034027157432125,COMPLETE
38,200.0,2023-12-12 14:07:08.882764,2023-12-12 14:08:31.757032,0 days 00:01:22.874268,129,0.9334719294276955,0.0009339913172706464,0.27967536403731996,COMPLETE
39,200.0,2023-12-12 14:08:31.766534,2023-12-12 14:09:53.776747,0 days 00:01:22.010213,191,0.9601122420365199,0.00010512539442331376,0.4341525153649594,COMPLETE
40,200.0,2023-12-12 14:09:53.784739,2023-12-12 14:11:13.335072,0 days 00:01:19.550333,425,0.9466381741360994,0.0003239803249515893,0.32048778456633586,COMPLETE
41,200.0,2023-12-12 14:11:13.343059,2023-12-12 14:12:31.704112,0 days 00:01:18.361053,480,0.9085889292067009,0.0012484553634682124,0.45196972382294787,COMPLETE
42,200.0,2023-12-12 14:12:31.711104,2023-12-12 14:13:51.003228,0 days 00:01:19.292124,390,0.9394614183044633,0.001769451024802148,0.17781721202884018,COMPLETE
43,200.0,2023-12-12 14:13:51.013220,2023-12-12 14:15:12.131891,0 days 00:01:21.118671,327,0.9354702756926895,0.0005810499612701935,0.35007102734282514,COMPLETE
44,200.0,2023-12-12 14:15:12.139883,2023-12-12 14:16:34.003010,0 days 00:01:21.863127,270,0.9625638503889795,0.001035596573584036,0.3628023779825461,COMPLETE
45,200.0,2023-12-12 14:16:34.012002,2023-12-12 14:17:52.268750,0 days 00:01:18.256748,461,0.9706416001792997,0.0015324012978473235,0.39362482652143416,COMPLETE
46,200.0,2023-12-12 14:17:52.276752,2023-12-12 14:19:13.943024,0 days 00:01:21.666272,242,0.9554199493990307,0.007781924598215931,0.38069907288545224,COMPLETE
47,200.0,2023-12-12 14:19:13.953029,2023-12-12 14:20:34.666702,0 days 00:01:20.713673,315,0.943091219030475,0.0030987939412605125,0.4160366450753794,COMPLETE
48,200.0,2023-12-12 14:20:34.674694,2023-12-12 14:21:53.478612,0 days 00:01:18.803918,412,0.9622855559720951,0.0006554919378717674,0.3031765906804403,COMPLETE
49,200.0,2023-12-12 14:21:53.486603,2023-12-12 14:23:13.428851,0 days 00:01:19.942248,351,0.9930594639073873,0.0004096355895253432,0.2733585950570711,COMPLETE
50,200.0,2023-12-12 14:23:13.436842,2023-12-12 14:24:31.847409,0 days 00:01:18.410567,451,0.9842243966481465,0.0002868459361550614,0.32305557095095344,COMPLETE
51,200.0,2023-12-12 14:24:31.854410,2023-12-12 14:25:51.749436,0 days 00:01:19.895026,382,0.9513979559695002,0.00019561496573382384,0.3604486510630057,COMPLETE
52,200.0,2023-12-12 14:25:51.757438,2023-12-12 14:27:13.688688,0 days 00:01:21.931250,223,0.9318523753766054,0.00029492274863130976,0.44833420954168524,COMPLETE
53,200.0,2023-12-12 14:27:13.696680,2023-12-12 14:28:35.237632,0 days 00:01:21.540952,240,0.9385039313889137,0.00048285578305557554,0.3375892862133639,COMPLETE
54,200.0,2023-12-12 14:28:35.245623,2023-12-12 14:29:56.911977,0 days 00:01:21.666354,269,0.9407535206826775,0.0007539007871989512,0.3985260274644098,COMPLETE
55,200.0,2023-12-12 14:29:56.920969,2023-12-12 14:31:19.327355,0 days 00:01:22.406386,177,0.9452909599955408,0.00018712186525419983,0.38026443521743614,COMPLETE
56,200.0,2023-12-12 14:31:19.337347,2023-12-12 14:32:39.867271,0 days 00:01:20.529924,311,0.9527710978582993,0.00013351063322536774,0.4682609323066138,COMPLETE
57,200.0,2023-12-12 14:32:39.876275,2023-12-12 14:34:00.045428,0 days 00:01:20.169153,340,0.949290590055363,0.00010559273072019348,0.415658483512319,COMPLETE
58,200.0,2023-12-12 14:34:00.053430,2023-12-12 14:35:28.657941,0 days 00:01:28.604511,45,0.9263682013157659,0.002537304403759711,0.1652248468758999,COMPLETE
59,200.0,2023-12-12 14:35:28.665942,2023-12-12 14:36:49.593575,0 days 00:01:20.927633,290,0.9564085490244794,0.0009624517399987296,0.29029648655172285,COMPLETE
60,200.0,2023-12-12 14:36:49.601567,2023-12-12 14:38:12.310409,0 days 00:01:22.708842,132,0.9345685522911269,0.0005097577319234591,0.3560789409890428,COMPLETE
61,200.0,2023-12-12 14:38:12.318410,2023-12-12 14:39:30.490469,0 days 00:01:18.172059,398,0.9443487352497693,0.000405184034837445,0.36867399252443644,COMPLETE
62,200.0,2023-12-12 14:39:30.498474,2023-12-12 14:40:48.888478,0 days 00:01:18.390004,445,0.9408587104317404,0.0002455135193276806,0.33382000928530586,COMPLETE
63,200.0,2023-12-12 14:40:48.897470,2023-12-12 14:42:06.907554,0 days 00:01:18.010084,473,0.9965679549826785,8.401058305884372e-05,0.38406864956765435,COMPLETE
64,200.0,2023-12-12 14:42:06.915063,2023-12-12 14:43:25.454514,0 days 00:01:18.539451,405,0.9489684399609434,0.00032551433768373417,0.26221901369818346,COMPLETE
65,200.0,2023-12-12 14:43:25.463037,2023-12-12 14:44:43.411034,0 days 00:01:17.947997,497,0.9537155903739225,0.0001303797611176677,0.404931228328716,COMPLETE
66,200.0,2023-12-12 14:44:43.420554,2023-12-12 14:46:03.869909,0 days 00:01:20.449355,370,0.9373794227635005,0.0006479559713100764,0.11923358582370777,COMPLETE
67,200.0,2023-12-12 14:46:03.877901,2023-12-12 14:47:26.349748,0 days 00:01:22.471847,104,0.9892965182429737,5.6950203960438506e-05,0.34483347736030057,COMPLETE
68,200.0,2023-12-12 14:47:26.358750,2023-12-12 14:49:36.961807,0 days 00:02:10.603057,9,0.9294167036112669,0.00018558252466010898,0.3743162978948252,COMPLETE
69,200.0,2023-12-12 14:49:36.971871,2023-12-12 14:51:10.951364,0 days 00:01:33.979493,149,0.9478191602893717,0.0007884462981876447,0.19194109230252066,COMPLETE
70,200.0,2023-12-12 14:51:10.958867,2023-12-12 14:52:37.263603,0 days 00:01:26.304736,435,0.9407732710322916,0.0002630944575801381,0.20746485798991363,COMPLETE
71,200.0,2023-12-12 14:52:37.271717,2023-12-12 14:54:16.330103,0 days 00:01:39.058386,82,0.9696774493072018,0.00021871005597173525,0.42996967319067114,COMPLETE
72,200.0,2023-12-12 14:54:16.337200,2023-12-12 14:55:56.902997,0 days 00:01:40.565797,86,0.9814032863873144,0.004837289191597074,0.3908414602564503,COMPLETE
73,200.0,2023-12-12 14:55:56.911018,2023-12-12 14:57:49.781091,0 days 00:01:52.870073,118,0.9767533633540517,2.5997347891164913e-05,0.4002113478570868,COMPLETE
74,200.0,2023-12-12 14:57:49.792845,2023-12-12 14:59:55.268623,0 days 00:02:05.475778,41,0.9586227776655659,0.00015363010155445856,0.22725222082462387,COMPLETE
75,200.0,2023-12-12 14:59:55.278013,2023-12-12 15:01:40.293622,0 days 00:01:45.015609,377,0.9995645029461424,0.0003841110852055733,0.1659835086054705,COMPLETE
76,200.0,2023-12-12 15:01:40.302884,2023-12-12 15:03:34.554789,0 days 00:01:54.251905,186,0.9453807557245346,1.003956040740022e-05,0.35833797351511915,COMPLETE
77,200.0,2023-12-12 15:03:34.564298,2023-12-12 15:05:28.853753,0 days 00:01:54.289455,229,0.9928329195749009,1.6163831582447628e-05,0.1535134746273668,COMPLETE
78,200.0,2023-12-12 15:05:28.864665,2023-12-12 15:07:10.670446,0 days 00:01:41.805781,342,0.9357859474978352,0.00035153580030309505,0.24323204763529532,COMPLETE
79,200.0,2023-12-12 15:07:10.679575,2023-12-12 15:09:15.852655,0 days 00:02:05.173080,64,0.9503272187842883,0.0002492080930253679,0.41402081506769045,COMPLETE
80,200.0,2023-12-12 15:09:15.863366,2023-12-12 15:11:00.056599,0 days 00:01:44.193233,330,0.9430568052527005,0.0001695492456794721,0.38777359234096287,COMPLETE
81,200.0,2023-12-12 15:11:00.080167,2023-12-12 15:12:54.435716,0 days 00:01:54.355549,106,0.9396368869578097,0.009120239356653041,0.1816049962345743,COMPLETE
82,200.0,2023-12-12 15:12:54.445229,2023-12-12 15:14:39.225011,0 days 00:01:44.779782,278,0.9477373333542697,0.007777024723253429,0.40451986128162476,COMPLETE
83,200.0,2023-12-12 15:14:39.234718,2023-12-12 15:16:26.954506,0 days 00:01:47.719788,203,0.9328494371965736,0.0004585431694333032,0.3105385003596524,COMPLETE
84,200.0,2023-12-12 15:16:26.964676,2023-12-12 15:18:11.893741,0 days 00:01:44.929065,302,0.9376330706501718,0.006551589255881805,0.14340357786668606,COMPLETE
85,200.0,2023-12-12 15:18:11.903037,2023-12-12 15:19:58.145449,0 days 00:01:46.242412,251,0.9544707697476813,0.00370608202144145,0.3708628101530342,COMPLETE
86,200.0,2023-12-12 15:19:58.153174,2023-12-12 15:21:34.684555,0 days 00:01:36.531381,315,0.9422389534419846,0.0005508243181265196,0.20744719184926264,COMPLETE
87,200.0,2023-12-12 15:21:34.693157,2023-12-12 15:22:59.369391,0 days 00:01:24.676234,353,0.9457277848322972,0.0019970657352792235,0.4293128077945587,COMPLETE
88,200.0,2023-12-12 15:22:59.376901,2023-12-12 15:24:21.910166,0 days 00:01:22.533265,298,0.9521232166747895,0.00013077335314448999,0.3291808332761518,COMPLETE
89,200.0,2023-12-12 15:24:21.919168,2023-12-12 15:25:42.905436,0 days 00:01:20.986268,417,0.9011398438624091,0.0015094761904154595,0.3425821199085954,COMPLETE
90,200.0,2023-12-12 15:25:42.913440,2023-12-12 15:27:05.131986,0 days 00:01:22.218546,322,0.9364595557710053,0.0012077292835368937,0.35329085915437064,COMPLETE
91,200.0,2023-12-12 15:27:05.140991,2023-12-12 15:28:31.267437,0 days 00:01:26.126446,91,0.9394112556695241,0.005113328909808082,0.17380488182406564,COMPLETE
92,200.0,2023-12-12 15:28:31.275440,2023-12-12 15:29:59.170814,0 days 00:01:27.895374,66,0.934655939321471,0.002680269336424746,0.19012603497192512,COMPLETE
93,200.0,2023-12-12 15:29:59.179817,2023-12-12 15:31:21.919999,0 days 00:01:22.740182,260,0.9499750533334905,0.0003413061854153634,0.1339152508036377,COMPLETE
94,200.0,2023-12-12 15:31:21.929562,2023-12-12 15:32:42.551499,0 days 00:01:20.621937,169,0.9415920458365514,0.00021583563053387798,0.39361711417751866,COMPLETE
95,200.0,2023-12-12 15:32:42.559771,2023-12-12 15:34:03.500178,0 days 00:01:20.940407,155,0.9438262186414823,0.009996155524462817,0.38277661264790747,COMPLETE
96,200.0,2023-12-12 15:34:03.508182,2023-12-12 15:35:25.258106,0 days 00:01:21.749924,147,0.9454944305330149,0.00028979041046422863,0.2983115134737064,COMPLETE
97,200.0,2023-12-12 15:35:25.266011,2023-12-12 15:36:45.831241,0 days 00:01:20.565230,209,0.931170360632017,1.2451842378908383e-05,0.19681213157684682,COMPLETE
98,200.0,2023-12-12 15:36:45.838253,2023-12-12 15:38:02.936738,0 days 00:01:17.098485,465,0.9381729973208879,8.423981591777634e-05,0.16433739598109542,COMPLETE
99,200.0,2023-12-12 15:38:02.946393,2023-12-12 15:39:22.214520,0 days 00:01:19.268127,282,0.9257349682318181,0.0006357195965266594,0.21559539381148635,COMPLETE
