number,value,datetime_start,datetime_complete,duration,params_A2C_n_steps,params_gamma,params_learning_rate,params_vf_coef,state
0,-0.0,2023-12-12 05:18:56.215432,2023-12-12 05:20:22.311925,0 days 00:01:26.096493,42,0.9095204043677197,3.855834384166471e-05,0.49525876263643487,COMPLETE
1,-0.3,2023-12-12 05:20:22.320016,2023-12-12 05:21:40.239515,0 days 00:01:17.919499,249,0.9540799782057797,0.002033612575078834,0.46194957302543516,COMPLETE
2,-0.0,2023-12-12 05:21:40.246517,2023-12-12 05:23:00.002016,0 days 00:01:19.755499,127,0.9267986565536975,1.4514064420659872e-05,0.3464208605463722,COMPLETE
3,-0.8,2023-12-12 05:23:00.009062,2023-12-12 05:24:15.490640,0 days 00:01:15.481578,455,0.9937019043243762,0.0014271563160959818,0.18241848251254766,COMPLETE
4,-0.8,2023-12-12 05:24:15.498152,2023-12-12 05:25:56.230244,0 days 00:01:40.732092,16,0.9852885449571321,0.000440597467964979,0.2151268101645424,COMPLETE
5,-0.2,2023-12-12 05:25:56.238246,2023-12-12 05:27:11.998480,0 days 00:01:15.760234,400,0.9155902231213147,0.0021384414664970906,0.4642569707485249,COMPLETE
6,-0.0,2023-12-12 05:27:12.006483,2023-12-12 05:28:29.929550,0 days 00:01:17.923067,246,0.9858999027673061,2.847193792462688e-05,0.14973994185919604,COMPLETE
7,-0.0,2023-12-12 05:28:29.936551,2023-12-12 05:29:49.325865,0 days 00:01:19.389314,123,0.9046572632452338,1.0613395478794476e-05,0.24390539927821814,COMPLETE
8,-0.2,2023-12-12 05:29:49.334016,2023-12-12 05:31:07.962328,0 days 00:01:18.628312,214,0.9035659377484337,0.008863978180103515,0.11083952296095659,COMPLETE
9,-0.0,2023-12-12 05:31:07.968394,2023-12-12 05:33:01.158420,0 days 00:01:53.190026,10,0.9908180984718583,1.5165485704282286e-05,0.4391696846227483,COMPLETE
10,-0.0,2023-12-12 05:33:01.166422,2023-12-12 05:34:16.408126,0 days 00:01:15.241704,486,0.9670049737186727,0.0001552061559569356,0.3064003877522099,COMPLETE
11,-0.1,2023-12-12 05:34:16.417125,2023-12-12 05:35:33.112633,0 days 00:01:16.695508,374,0.9998015336964975,0.0005173703620051222,0.19797262620654457,COMPLETE
12,-0.0,2023-12-12 05:35:33.120715,2023-12-12 05:36:49.862730,0 days 00:01:16.742015,346,0.976873735057456,0.0003505543703246578,0.21566564975370414,COMPLETE
13,-0.3,2023-12-12 05:36:49.870734,2023-12-12 05:38:05.348855,0 days 00:01:15.478121,484,0.9988326185054964,0.0009107719097367947,0.1654074982678733,COMPLETE
14,-0.0,2023-12-12 05:38:05.356859,2023-12-12 05:39:22.080426,0 days 00:01:16.723567,325,0.975953460717833,0.00020750840922992877,0.26074550676416897,COMPLETE
15,-0.0,2023-12-12 05:39:22.087936,2023-12-12 05:40:41.400961,0 days 00:01:19.313025,142,0.9589438195001251,0.000101160912055812,0.10180210131913854,COMPLETE
16,-0.1,2023-12-12 05:40:41.409052,2023-12-12 05:42:00.396425,0 days 00:01:18.987373,181,0.9810568135380809,0.0007836311113062884,0.17995923957502555,COMPLETE
17,-0.2,2023-12-12 05:42:00.403484,2023-12-12 05:43:16.756125,0 days 00:01:16.352641,420,0.9448214369044902,0.0014707272037236768,0.233291466155354,COMPLETE
18,-0.1,2023-12-12 05:43:16.776130,2023-12-12 05:44:34.033118,0 days 00:01:17.256988,296,0.9900962289936185,0.0003553703906306462,0.14514891627971227,COMPLETE
19,-0.2,2023-12-12 05:44:34.042120,2023-12-12 05:45:57.413682,0 days 00:01:23.371562,69,0.9710804250545287,0.00422121149186166,0.2715153715052061,COMPLETE
20,-0.0,2023-12-12 05:45:57.421682,2023-12-12 05:47:12.822103,0 days 00:01:15.400421,435,0.963855491500627,0.000616504479922544,0.21403081703838145,COMPLETE
21,-0.7,2023-12-12 05:47:12.831104,2023-12-12 05:48:30.374397,0 days 00:01:17.543293,300,0.9535173623041822,0.0020818181998728488,0.4084174447250288,COMPLETE
22,-0.2,2023-12-12 05:48:30.383461,2023-12-12 05:49:47.442036,0 days 00:01:17.058575,298,0.9459560675337583,0.0011791241383362434,0.369728077731303,COMPLETE
23,-0.1,2023-12-12 05:49:47.450036,2023-12-12 05:51:05.940094,0 days 00:01:18.490058,192,0.9859128882776247,0.0020653674465996507,0.2916997081459061,COMPLETE
24,-0.2,2023-12-12 05:51:05.947095,2023-12-12 05:52:21.845585,0 days 00:01:15.898490,448,0.9762353770026257,0.0032783017849438677,0.19420154439726772,COMPLETE
25,-0.7,2023-12-12 05:52:21.852643,2023-12-12 05:53:43.258306,0 days 00:01:21.405663,82,0.9692155763785885,0.0010568433866815507,0.23685037469096487,COMPLETE
26,-0.3,2023-12-12 05:53:43.266309,2023-12-12 05:55:01.305741,0 days 00:01:18.039432,288,0.9353679578168315,0.0005930011850736114,0.3871276815024095,COMPLETE
27,-0.2,2023-12-12 05:55:01.312742,2023-12-12 05:56:18.200131,0 days 00:01:16.887389,361,0.9599720067859808,0.0048297939911046105,0.29276692708276586,COMPLETE
28,-0.1,2023-12-12 05:56:18.207133,2023-12-12 05:57:34.462945,0 days 00:01:16.255812,379,0.9933712522999275,0.0014049267098172984,0.3282273093044192,COMPLETE
29,-0.2,2023-12-12 05:57:34.472948,2023-12-12 06:00:02.872220,0 days 00:02:28.399272,5,0.9833215381608986,9.35937846720194e-05,0.2682114803533881,COMPLETE
30,-0.1,2023-12-12 06:00:02.880221,2023-12-12 06:01:18.434870,0 days 00:01:15.554649,457,0.9525885200129209,0.0005093920468636102,0.4032433240044325,COMPLETE
31,-0.5,2023-12-12 06:01:18.442379,2023-12-12 06:02:41.207313,0 days 00:01:22.764934,64,0.9690619341995678,0.0009271695377220467,0.23361844910412471,COMPLETE
32,-0.2,2023-12-12 06:02:41.214398,2023-12-12 06:04:07.462524,0 days 00:01:26.248126,40,0.9705433772993612,0.0012608066066631537,0.21175189250044973,COMPLETE
33,-0.0,2023-12-12 06:04:07.470524,2023-12-12 06:05:28.675277,0 days 00:01:21.204753,96,0.9800808826904022,0.0027424538907074043,0.24969648942659492,COMPLETE
34,-0.0,2023-12-12 06:05:28.683280,2023-12-12 06:06:47.565199,0 days 00:01:18.881919,151,0.957090701244826,0.0019078901136887088,0.17957002207132233,COMPLETE
35,-0.0,2023-12-12 06:06:47.573200,2023-12-12 06:08:08.805896,0 days 00:01:21.232696,91,0.965451684118951,0.0016829803867925797,0.3321679185429332,COMPLETE
36,-0.8,2023-12-12 06:08:08.814988,2023-12-12 06:09:35.019382,0 days 00:01:26.204394,40,0.9879317957307294,0.000980062677448919,0.4901706200162195,COMPLETE
37,-0.1,2023-12-12 06:09:35.027385,2023-12-12 06:10:53.081203,0 days 00:01:18.053818,262,0.9871982804337455,0.0025173092436088667,0.4997619609363749,COMPLETE
38,-0.4,2023-12-12 06:10:53.090260,2023-12-12 06:12:17.449333,0 days 00:01:24.359073,49,0.9942964451657723,0.0008521763751754284,0.44970188217751733,COMPLETE
39,-0.0,2023-12-12 06:12:17.457336,2023-12-12 06:13:35.564863,0 days 00:01:18.107527,231,0.9945665431315995,0.0003711321204557291,0.47550728354887106,COMPLETE
40,-0.1,2023-12-12 06:13:35.573864,2023-12-12 06:15:03.095568,0 days 00:01:27.521704,37,0.9874699568025816,0.005636972825710204,0.42881374227037433,COMPLETE
41,-0.1,2023-12-12 06:15:03.102569,2023-12-12 06:16:24.131990,0 days 00:01:21.029421,104,0.9836983732814149,0.0011206099807316626,0.46145626556105934,COMPLETE
42,-0.0,2023-12-12 06:16:24.140064,2023-12-12 06:17:58.829470,0 days 00:01:34.689406,21,0.9759328669206694,0.0022046384077146165,0.48578938273520306,COMPLETE
43,-0.7,2023-12-12 06:17:58.837473,2023-12-12 06:19:20.716541,0 days 00:01:21.879068,75,0.9904099084368272,0.0006810375862863357,0.4284948572142427,COMPLETE
44,-0.7,2023-12-12 06:19:20.726542,2023-12-12 06:20:40.712111,0 days 00:01:19.985569,114,0.9972732302309499,0.0015665795743713454,0.48072314757314977,COMPLETE
45,-0.5,2023-12-12 06:20:40.719113,2023-12-12 06:21:59.740214,0 days 00:01:19.021101,156,0.979958958886814,0.0009919841511484935,0.4130574586485463,COMPLETE
46,-0.1,2023-12-12 06:21:59.747216,2023-12-12 06:23:30.077574,0 days 00:01:30.330358,28,0.972805521558954,0.003066023193503004,0.4586311774955818,COMPLETE
47,-0.0,2023-12-12 06:23:30.085574,2023-12-12 06:24:46.430583,0 days 00:01:16.345009,399,0.9898913609341079,0.0007511656769457203,0.36018790599386874,COMPLETE
48,-0.0,2023-12-12 06:24:46.439584,2023-12-12 06:26:03.491322,0 days 00:01:17.051738,337,0.999589528614677,0.0010731637409237492,0.444238095420353,COMPLETE
49,-0.6,2023-12-12 06:26:03.500393,2023-12-12 06:27:18.855077,0 days 00:01:15.354684,499,0.9632296079195873,0.0017098576897454508,0.49828584909347085,COMPLETE
50,-0.0,2023-12-12 06:27:18.863079,2023-12-12 06:28:42.563408,0 days 00:01:23.700329,57,0.9815879775977826,0.0002374312822033751,0.23438890129105786,COMPLETE
51,-0.1,2023-12-12 06:28:42.571410,2023-12-12 06:30:03.843025,0 days 00:01:21.271615,79,0.9913480669306213,0.0006833392808811376,0.4313727823188721,COMPLETE
52,-0.4,2023-12-12 06:30:03.852026,2023-12-12 06:31:25.632360,0 days 00:01:21.780334,78,0.9877893629901142,0.000614372177277433,0.46017285232189525,COMPLETE
53,-0.2,2023-12-12 06:31:25.640362,2023-12-12 06:32:45.256984,0 days 00:01:19.616622,127,0.9961078583809292,0.0004682903321151928,0.41749206607363565,COMPLETE
54,-0.1,2023-12-12 06:32:45.265039,2023-12-12 06:34:04.058998,0 days 00:01:18.793959,203,0.992255408720354,0.0004615354149613722,0.4707439440615083,COMPLETE
55,-0.2,2023-12-12 06:34:04.066000,2023-12-12 06:36:20.804413,0 days 00:02:16.738413,6,0.9844327011751998,0.0007837860066423711,0.38856147225752136,COMPLETE
56,-0.5,2023-12-12 06:36:20.812542,2023-12-12 06:37:40.540946,0 days 00:01:19.728404,129,0.9733291289381694,0.001318606840656684,0.4401394052746268,COMPLETE
57,-0.2,2023-12-12 06:37:40.548948,2023-12-12 06:39:12.635520,0 days 00:01:32.086572,24,0.9792816726229963,0.0009721458426003292,0.14676597639847147,COMPLETE
58,-0.9,2023-12-12 06:39:12.643522,2023-12-12 06:40:31.173435,0 days 00:01:18.529913,171,0.9886280113329307,0.002117352791376143,0.4868112683910373,COMPLETE
59,-0.0,2023-12-12 06:40:31.181436,2023-12-12 06:41:50.012069,0 days 00:01:18.830633,171,0.9858388458167918,0.001994003835757377,0.48970972780909433,COMPLETE
60,-0.8,2023-12-12 06:41:50.019216,2023-12-12 06:43:08.423735,0 days 00:01:18.404519,228,0.9952786869124229,0.0025079166835313567,0.47493538194481644,COMPLETE
61,-0.4,2023-12-12 06:43:08.431737,2023-12-12 06:44:32.220039,0 days 00:01:23.788302,224,0.9942980676081086,0.003709490573955865,0.47464332335834947,COMPLETE
62,-0.8,2023-12-12 06:44:32.230038,2023-12-12 06:45:52.317478,0 days 00:01:20.087440,245,0.9997532191676161,0.002498230920897445,0.49315974001331886,COMPLETE
63,-0.2,2023-12-12 06:45:52.325482,2023-12-12 06:47:10.695755,0 days 00:01:18.370273,255,0.9990708683379147,0.002386357135405052,0.49958938283468685,COMPLETE
64,-0.4,2023-12-12 06:47:10.702884,2023-12-12 06:48:28.756063,0 days 00:01:18.053179,307,0.9967341085326563,0.002899935361598253,0.4866113878027619,COMPLETE
65,-0.2,2023-12-12 06:48:28.763065,2023-12-12 06:49:46.764667,0 days 00:01:18.001602,279,0.9997758615229977,0.001426409880775837,0.4573974887052915,COMPLETE
66,-0.1,2023-12-12 06:49:46.771669,2023-12-12 06:51:04.875903,0 days 00:01:18.104234,272,0.990104201608021,0.0035604509998273595,0.4796744260443157,COMPLETE
67,-0.6,2023-12-12 06:51:04.882906,2023-12-12 06:52:23.347353,0 days 00:01:18.464447,235,0.9939199218614885,0.0017966051540238182,0.47053723924361807,COMPLETE
68,-0.2,2023-12-12 06:52:23.355355,2023-12-12 06:53:41.853308,0 days 00:01:18.497953,185,0.9829131902875844,0.002322666389780865,0.4546135510672401,COMPLETE
69,-0.0,2023-12-12 06:53:41.860309,2023-12-12 06:55:00.730276,0 days 00:01:18.869967,202,0.9963855348778538,0.006089080639631513,0.4880214306140654,COMPLETE
70,-0.0,2023-12-12 06:55:00.738278,2023-12-12 06:56:19.832145,0 days 00:01:19.093867,214,0.988731798106761,0.0040807768160285775,0.4477107093907537,COMPLETE
71,-0.1,2023-12-12 06:56:19.840147,2023-12-12 06:57:38.098633,0 days 00:01:18.258486,249,0.9920832064417988,0.0012600784895663527,0.4789991946910686,COMPLETE
72,-0.9,2023-12-12 06:57:38.106639,2023-12-12 06:58:54.973607,0 days 00:01:16.866968,321,0.9861141556875304,0.0015825974418171307,0.46737599027873367,COMPLETE
73,-0.6,2023-12-12 06:58:54.981609,2023-12-12 07:00:11.796973,0 days 00:01:16.815364,319,0.9865997941251173,0.002750166549509578,0.4680824008744332,COMPLETE
74,-0.2,2023-12-12 07:00:11.804975,2023-12-12 07:01:28.171400,0 days 00:01:16.366425,375,0.9845923966227017,0.0019517298595105982,0.4921657945754199,COMPLETE
75,-0.0,2023-12-12 07:01:28.178404,2023-12-12 07:02:45.378339,0 days 00:01:17.199935,313,0.9920716599888024,0.0014746696175595385,0.46750694615963523,COMPLETE
76,-0.9,2023-12-12 07:02:45.385341,2023-12-12 07:04:02.137179,0 days 00:01:16.751838,346,0.9790098221864021,0.002222859445839068,0.4448718959558241,COMPLETE
77,-0.7,2023-12-12 07:04:02.145181,2023-12-12 07:05:19.317411,0 days 00:01:17.172230,357,0.9877263941251556,0.0024703733912182706,0.45183332647058594,COMPLETE
78,-0.1,2023-12-12 07:05:19.324413,2023-12-12 07:06:35.261791,0 days 00:01:15.937378,416,0.9966357567420442,0.0016979819630049155,0.48786455937855633,COMPLETE
79,-0.3,2023-12-12 07:06:35.270793,2023-12-12 07:07:51.367600,0 days 00:01:16.096807,398,0.9790551654310031,0.001150979452898967,0.4345601741381492,COMPLETE
80,-0.1,2023-12-12 07:07:51.376156,2023-12-12 07:09:06.894709,0 days 00:01:15.518553,457,0.9820805968909834,0.0031747552878675688,0.4443593706158755,COMPLETE
81,-0.8,2023-12-12 07:09:06.903710,2023-12-12 07:10:23.900437,0 days 00:01:16.996727,328,0.989498333465282,0.001998675505504644,0.4686659482371996,COMPLETE
82,-0.9,2023-12-12 07:10:23.907438,2023-12-12 07:11:40.818462,0 days 00:01:16.911024,331,0.9895076244751255,0.0021079447723844043,0.4653402342630699,COMPLETE
83,-0.7,2023-12-12 07:11:40.826468,2023-12-12 07:12:57.518989,0 days 00:01:16.692521,352,0.9856067997596958,0.0014343533693253242,0.4999731145113055,COMPLETE
84,-0.4,2023-12-12 07:12:57.526991,2023-12-12 07:14:15.378064,0 days 00:01:17.851073,288,0.9940356494433706,0.0027662102278641614,0.47934351291440624,COMPLETE
85,-0.2,2023-12-12 07:14:15.387065,2023-12-12 07:15:33.791827,0 days 00:01:18.404762,267,0.9913475039047766,0.0022936526752514487,0.46446959969956786,COMPLETE
86,-0.1,2023-12-12 07:15:33.799943,2023-12-12 07:16:52.161854,0 days 00:01:18.361911,241,0.9887044379882242,0.0008955176989142565,0.4512175790155793,COMPLETE
87,-0.8,2023-12-12 07:16:52.169856,2023-12-12 07:18:07.439075,0 days 00:01:15.269219,474,0.9975443897249717,0.0034050513722432836,0.4816390668747988,COMPLETE
88,-0.5,2023-12-12 07:18:07.448078,2023-12-12 07:19:23.759289,0 days 00:01:16.311211,386,0.9829558411384894,0.0016337713092943833,0.49219193409755446,COMPLETE
89,-0.2,2023-12-12 07:19:23.766290,2023-12-12 07:20:40.012117,0 days 00:01:16.245827,362,0.9776275591798611,0.0012096285127500463,0.42107634297028995,COMPLETE
90,-0.3,2023-12-12 07:20:40.019229,2023-12-12 07:21:56.627799,0 days 00:01:16.608570,342,0.9946332064216556,0.004491651913877122,0.43785012743147456,COMPLETE
91,-0.3,2023-12-12 07:21:56.635800,2023-12-12 07:23:13.775157,0 days 00:01:17.139357,331,0.9902298922904252,0.002051642628554893,0.4667907449652766,COMPLETE
92,-0.7,2023-12-12 07:23:13.782157,2023-12-12 07:24:31.113198,0 days 00:01:17.331041,286,0.9881708223607037,0.002084668195566498,0.4749242739523836,COMPLETE
93,-0.5,2023-12-12 07:24:31.121199,2023-12-12 07:25:48.946266,0 days 00:01:17.825067,298,0.9925433885059594,0.0018861819230434763,0.4620042379291727,COMPLETE
94,-0.5,2023-12-12 07:25:48.954268,2023-12-12 07:27:08.132680,0 days 00:01:19.178412,168,0.9855158803237539,0.0015522656168918728,0.45644882549219445,COMPLETE
95,-0.0,2023-12-12 07:27:08.141682,2023-12-12 07:28:25.326347,0 days 00:01:17.184665,327,0.9898862925876982,0.0023738251382131566,0.49206941652870984,COMPLETE
96,-0.2,2023-12-12 07:28:25.334453,2023-12-12 07:29:41.160936,0 days 00:01:15.826483,423,0.9959413437103896,0.0028335364992854474,0.4732138189714227,COMPLETE
97,-0.4,2023-12-12 07:29:41.168177,2023-12-12 07:30:57.983752,0 days 00:01:16.815575,367,0.9811777757228399,0.0011042478440271973,0.44311839755115007,COMPLETE
98,-0.9,2023-12-12 07:30:57.990753,2023-12-12 07:32:16.703988,0 days 00:01:18.713235,219,0.9979042299065704,0.0013973782911443178,0.48235644760855895,COMPLETE
99,-0.0,2023-12-12 07:32:16.712991,2023-12-12 07:33:35.623986,0 days 00:01:18.910995,202,0.9982797020945716,0.001303409995577726,0.4848173639980629,COMPLETE
