number,value,datetime_start,datetime_complete,duration,params_PPO_n_steps,params_ent_coef,params_gamma,params_learning_rate,state
0,169.5,2023-12-12 09:04:52.585641,2023-12-12 09:07:15.330076,0 days 00:02:22.744435,256,0.003925015397171985,0.9958525977854821,0.0015130081073677743,COMPLETE
1,200.0,2023-12-12 09:07:15.337586,2023-12-12 09:09:35.375012,0 days 00:02:20.037426,512,0.00028550889634451366,0.9138821967899853,0.0009221198960301046,COMPLETE
2,200.0,2023-12-12 09:09:35.383071,2023-12-12 09:11:55.591917,0 days 00:02:20.208846,512,0.00033446542037832003,0.9456300164793912,0.000323145049931592,COMPLETE
3,200.0,2023-12-12 09:11:55.597921,2023-12-12 09:14:18.710930,0 days 00:02:23.113009,128,2.3153054557671586e-05,0.9915847615590154,1.118040450530811e-05,COMPLETE
4,200.0,2023-12-12 09:14:18.718022,2023-12-12 09:16:38.387419,0 days 00:02:19.669397,1024,0.0021710270432646708,0.9154724663984346,0.0001567909412417162,COMPLETE
5,200.0,2023-12-12 09:16:38.395420,2023-12-12 09:18:57.248310,0 days 00:02:18.852890,896,0.001606392998722924,0.9363542030703749,0.003052742577039212,COMPLETE
6,200.0,2023-12-12 09:18:57.255311,2023-12-12 09:21:16.574783,0 days 00:02:19.319472,768,0.0004007815198899895,0.9247911329874353,1.2875539915493139e-05,COMPLETE
7,200.0,2023-12-12 09:21:16.582897,2023-12-12 09:23:36.072665,0 days 00:02:19.489768,576,4.675066564815929e-05,0.9679800998470799,1.5715309837005093e-05,COMPLETE
8,200.0,2023-12-12 09:23:36.079665,2023-12-12 09:25:56.065565,0 days 00:02:19.985900,704,0.003285127154655189,0.9637709784356757,1.0652417707993175e-05,COMPLETE
9,200.0,2023-12-12 09:25:56.072677,2023-12-12 09:28:15.729490,0 days 00:02:19.656813,704,5.8573511772603546e-05,0.9461282804734802,0.00011540019883255457,COMPLETE
10,165.1,2023-12-12 09:28:15.736490,2023-12-12 09:30:37.837951,0 days 00:02:22.101461,256,0.03598479950900704,0.993188563482559,0.00812421296924853,COMPLETE
11,139.4,2023-12-12 09:30:37.845953,2023-12-12 09:33:00.187832,0 days 00:02:22.341879,256,0.036138928850503634,0.998097369130885,0.009893598336067245,COMPLETE
12,198.2,2023-12-12 09:33:00.194832,2023-12-12 09:35:23.392306,0 days 00:02:23.197474,256,0.08663872166736357,0.9982895676937972,0.008855962619249005,COMPLETE
13,200.0,2023-12-12 09:35:23.399306,2023-12-12 09:37:48.599616,0 days 00:02:25.200310,64,0.045900480732371816,0.9785930010684617,0.009871462045277977,COMPLETE
14,130.9,2023-12-12 09:37:48.606618,2023-12-12 09:40:08.172193,0 days 00:02:19.565575,640,0.02258855759376134,0.9827286042065251,0.0045458682506632824,COMPLETE
15,200.0,2023-12-12 09:40:08.180269,2023-12-12 09:42:28.062699,0 days 00:02:19.882430,640,0.01473914960278211,0.9801484086212363,0.0027160315049837474,COMPLETE
16,125.5,2023-12-12 09:42:28.069699,2023-12-12 09:44:47.944305,0 days 00:02:19.874606,640,0.009673610362860473,0.9807969153542958,0.004011581763068532,COMPLETE
17,117.7,2023-12-12 09:44:47.953307,2023-12-12 09:47:08.591427,0 days 00:02:20.638120,640,0.0071344174347875225,0.9608636678987429,0.0036116829718302124,COMPLETE
18,200.0,2023-12-12 09:47:08.599517,2023-12-12 09:49:29.038022,0 days 00:02:20.438505,640,0.006120302032057887,0.9611349404526156,0.0015110575639077286,COMPLETE
19,200.0,2023-12-12 09:49:29.045073,2023-12-12 09:51:53.693309,0 days 00:02:24.648236,192,0.008201495927707294,0.9532216479823443,0.004555019757539494,COMPLETE
20,200.0,2023-12-12 09:51:53.700314,2023-12-12 09:54:14.357488,0 days 00:02:20.657174,448,0.00867223823082241,0.9724410460577877,0.0007787623823451026,COMPLETE
21,134.7,2023-12-12 09:54:14.365490,2023-12-12 09:56:34.081227,0 days 00:02:19.715737,640,0.01634087505641866,0.9814443480832574,0.0044087357773606095,COMPLETE
22,121.6,2023-12-12 09:56:34.089290,2023-12-12 09:58:54.091979,0 days 00:02:20.002689,384,0.017046782431375525,0.9834734417370385,0.0043712759490295286,COMPLETE
23,140.7,2023-12-12 09:58:54.099161,2023-12-12 10:01:14.422699,0 days 00:02:20.323538,384,0.010389836478885254,0.9731723251216485,0.0022719960665334485,COMPLETE
24,131.7,2023-12-12 10:01:14.429748,2023-12-12 10:03:33.405479,0 days 00:02:18.975731,960,0.004566809312483982,0.9590914648980313,0.004611072181237509,COMPLETE
25,124.8,2023-12-12 10:03:33.412607,2023-12-12 10:05:53.349381,0 days 00:02:19.936774,384,0.0012445022151973055,0.9859823286764369,0.0016522489824932032,COMPLETE
26,200.0,2023-12-12 10:05:53.356383,2023-12-12 10:08:13.872734,0 days 00:02:20.516351,384,0.0010714233152644148,0.9859477656852669,0.0015220222614605755,COMPLETE
27,200.0,2023-12-12 10:08:13.879735,2023-12-12 10:10:35.290229,0 days 00:02:21.410494,320,0.002322196073148573,0.9888068116990749,0.0008342038299517318,COMPLETE
28,133.5,2023-12-12 10:10:35.298721,2023-12-12 10:12:54.177868,0 days 00:02:18.879147,832,0.0009474899745537008,0.9707917115677055,0.0023211826868516777,COMPLETE
29,113.1,2023-12-12 10:12:54.185869,2023-12-12 10:15:15.877576,0 days 00:02:21.691707,384,0.003932590497150724,0.9890798714594348,0.0015322099446299006,COMPLETE
30,200.0,2023-12-12 10:15:15.885087,2023-12-12 10:17:37.309341,0 days 00:02:21.424254,384,0.004345444354582504,0.9997897983575743,0.006287872632331922,COMPLETE
31,200.0,2023-12-12 10:17:37.318342,2023-12-12 10:19:58.215340,0 days 00:02:20.896998,384,0.004925235050362681,0.9888617807931033,0.0016725976080190575,COMPLETE
32,200.0,2023-12-12 10:19:58.223343,2023-12-12 10:22:19.513159,0 days 00:02:21.289816,384,0.003237374316255988,0.9764553576481982,0.001228286920037187,COMPLETE
33,200.0,2023-12-12 10:22:19.521160,2023-12-12 10:24:41.443923,0 days 00:02:21.922763,384,0.015761894541460247,0.9866011889497196,0.003235466962955459,COMPLETE
34,200.0,2023-12-12 10:24:41.451923,2023-12-12 10:27:02.896443,0 days 00:02:21.444520,512,0.0012124505099888514,0.9949515752563056,0.0005922188194073642,COMPLETE
35,200.0,2023-12-12 10:27:02.903571,2023-12-12 10:29:27.582800,0 days 00:02:24.679229,128,0.0005905931211542494,0.96701508108576,0.0023275722720430794,COMPLETE
36,134.5,2023-12-12 10:29:27.590806,2023-12-12 10:31:46.300465,0 days 00:02:18.709659,896,0.002341476682421636,0.9917190050772009,0.005774825520812131,COMPLETE
37,200.0,2023-12-12 10:31:46.309546,2023-12-12 10:34:06.994831,0 days 00:02:20.685285,1024,0.006145672698337553,0.9748715017680286,0.00117070523629426,COMPLETE
38,200.0,2023-12-12 10:34:07.003833,2023-12-12 10:36:27.464640,0 days 00:02:20.460807,768,0.0022304914812208048,0.9851093114113434,0.0030959502397359625,COMPLETE
39,200.0,2023-12-12 10:36:27.472740,2023-12-12 10:38:46.000333,0 days 00:02:18.527593,576,0.001309023076959167,0.992944250806556,0.006173023942157307,COMPLETE
40,133.0,2023-12-12 10:38:46.008422,2023-12-12 10:41:05.368828,0 days 00:02:19.360406,384,0.0006150201543516962,0.9672719527425044,0.002009494145624348,COMPLETE
41,141.3,2023-12-12 10:41:05.375830,2023-12-12 10:43:24.156715,0 days 00:02:18.780885,640,0.010714532773470327,0.9820725653699591,0.003699509440978437,COMPLETE
42,200.0,2023-12-12 10:43:24.163787,2023-12-12 10:45:45.022796,0 days 00:02:20.859009,448,0.0035426396069179024,0.9769737758678799,0.002904167093324347,COMPLETE
43,200.0,2023-12-12 10:45:45.032797,2023-12-12 10:48:03.685013,0 days 00:02:18.652216,960,0.006744452244968811,0.9894537330411721,0.0020187571700696545,COMPLETE
44,200.0,2023-12-12 10:48:03.693015,2023-12-12 10:50:27.782692,0 days 00:02:24.089677,64,0.001712841657488455,0.9833162653103406,0.006350886852438915,COMPLETE
45,197.8,2023-12-12 10:50:27.790693,2023-12-12 10:52:49.580749,0 days 00:02:21.790056,192,0.022348081560978096,0.9951990194863702,0.004031541196537647,COMPLETE
46,200.0,2023-12-12 10:52:49.588749,2023-12-12 10:55:08.764017,0 days 00:02:19.175268,832,0.009906107802419161,0.977579236286803,0.0004919975426339198,COMPLETE
47,200.0,2023-12-12 10:55:08.772020,2023-12-12 10:57:29.347116,0 days 00:02:20.575096,320,0.0044578001911099235,0.9712486593554478,0.0010809602320046908,COMPLETE
48,200.0,2023-12-12 10:57:29.354120,2023-12-12 10:59:48.277321,0 days 00:02:18.923201,704,0.00329798502907685,0.9789200252504835,0.0016176960620033275,COMPLETE
49,200.0,2023-12-12 10:59:48.284322,2023-12-12 11:02:07.431889,0 days 00:02:19.147567,640,0.00017752379663727344,0.9852653556488297,0.0027905858437068825,COMPLETE
50,200.0,2023-12-12 11:02:07.439521,2023-12-12 11:04:30.843953,0 days 00:02:23.404432,128,0.02507858968526323,0.9917747685859595,0.007665119438791415,COMPLETE
51,128.9,2023-12-12 11:04:30.850954,2023-12-12 11:06:50.410834,0 days 00:02:19.559880,640,0.01378968139149671,0.9814647187256604,0.003797415064111022,COMPLETE
52,118.9,2023-12-12 11:06:50.417838,2023-12-12 11:09:10.518134,0 days 00:02:20.100296,640,0.012142290079367176,0.9811658907187005,0.0035587667885259733,COMPLETE
53,119.4,2023-12-12 11:09:10.526135,2023-12-12 11:11:29.932834,0 days 00:02:19.406699,640,0.006550140636930098,0.9752901246967666,0.005357074446886812,COMPLETE
54,126.6,2023-12-12 11:11:29.939836,2023-12-12 11:13:49.975796,0 days 00:02:20.035960,640,0.007148665872389451,0.9743178353927711,0.005345997783477204,COMPLETE
55,140.4,2023-12-12 11:13:49.983902,2023-12-12 11:16:10.288285,0 days 00:02:20.304383,512,0.006534815618466301,0.9961621961940453,0.007437252445302315,COMPLETE
56,191.4,2023-12-12 11:16:10.295287,2023-12-12 11:18:29.773808,0 days 00:02:19.478521,384,0.06019096377597024,0.9640521029155293,0.009485670787205695,COMPLETE
57,145.5,2023-12-12 11:18:29.781809,2023-12-12 11:20:47.434338,0 days 00:02:17.652529,1024,0.02850705975023662,0.9887631412679126,0.0035006569598506876,COMPLETE
58,200.0,2023-12-12 11:20:47.441339,2023-12-12 11:23:05.707265,0 days 00:02:18.265926,896,0.012143915859090323,0.9696297987507131,0.004712025882112446,COMPLETE
59,200.0,2023-12-12 11:23:05.716267,2023-12-12 11:25:34.376231,0 days 00:02:28.659964,640,0.019152235257597426,0.9739893671892575,0.0027045105088102915,COMPLETE
60,141.7,2023-12-12 11:25:34.386276,2023-12-12 11:27:59.593979,0 days 00:02:25.207703,768,0.012192002980973494,0.9798003707196395,0.0019107686893488104,COMPLETE
61,116.4,2023-12-12 11:27:59.602979,2023-12-12 11:30:25.844672,0 days 00:02:26.241693,640,0.00846347262801325,0.9829477347390811,0.005091769141696204,COMPLETE
62,200.0,2023-12-12 11:30:25.855676,2023-12-12 11:32:51.706157,0 days 00:02:25.850481,640,0.018632093913865416,0.984466302484198,0.00736721035500736,COMPLETE
63,200.0,2023-12-12 11:32:51.715793,2023-12-12 11:35:22.160305,0 days 00:02:30.444512,256,0.007899930245513883,0.9871156404952869,0.0054433314532632785,COMPLETE
64,164.4,2023-12-12 11:35:22.168308,2023-12-12 11:37:48.107956,0 days 00:02:25.939648,640,0.03390689986873449,0.9783996926028949,0.0037527015570384863,COMPLETE
65,200.0,2023-12-12 11:37:48.114963,2023-12-12 11:40:19.685434,0 days 00:02:31.570471,384,0.009222393106625818,0.9831335200912128,0.0025066593291108515,COMPLETE
66,200.0,2023-12-12 11:40:19.693436,2023-12-12 11:42:57.544576,0 days 00:02:37.851140,640,0.004806820969742171,0.9894003654905865,0.004843900385904715,COMPLETE
67,200.0,2023-12-12 11:42:57.556918,2023-12-12 11:45:46.447442,0 days 00:02:48.890524,576,0.014162467278370719,0.9578071863345687,0.003314936353850981,COMPLETE
68,200.0,2023-12-12 11:45:46.455446,2023-12-12 11:48:53.991933,0 days 00:03:07.536487,384,0.0025898775748207457,0.9710046422577711,0.0013384846407214499,COMPLETE
69,136.1,2023-12-12 11:48:54.001445,2023-12-12 11:52:09.355587,0 days 00:03:15.354142,704,0.0036421550967744467,0.9744821605259723,0.008511187307871093,COMPLETE
70,200.0,2023-12-12 11:52:09.366230,2023-12-12 11:55:38.780246,0 days 00:03:29.414016,64,0.0057067993605906305,0.9972507694237721,0.0018718632789108615,COMPLETE
71,131.3,2023-12-12 11:55:38.790444,2023-12-12 11:58:57.436773,0 days 00:03:18.646329,640,0.009961028631665113,0.9806137864030907,0.004333495529174408,COMPLETE
72,140.3,2023-12-12 11:58:57.446912,2023-12-12 12:02:12.731970,0 days 00:03:15.285058,640,0.0083971080549517,0.9873157399316819,0.006574742697874862,COMPLETE
73,200.0,2023-12-12 12:02:12.741200,2023-12-12 12:05:27.861545,0 days 00:03:15.120345,640,0.017022088238754302,0.9767125080809828,0.0031303119872016175,COMPLETE
74,121.7,2023-12-12 12:05:27.872133,2023-12-12 12:08:36.358332,0 days 00:03:08.486199,448,0.004998345790950781,0.9833948346774157,0.0024580383014780314,COMPLETE
75,115.0,2023-12-12 12:08:36.367624,2023-12-12 12:11:48.016999,0 days 00:03:11.649375,448,0.005605878978902916,0.9932385682926228,0.002180242178140293,COMPLETE
76,150.3,2023-12-12 12:11:48.027522,2023-12-12 12:15:00.240685,0 days 00:03:12.213163,448,0.005328493900416855,0.9927538605620227,0.0025756253587439926,COMPLETE
77,122.9,2023-12-12 12:15:00.251923,2023-12-12 12:18:16.283734,0 days 00:03:16.031811,448,0.00731521759391185,0.991184329941936,0.005380793339599753,COMPLETE
78,200.0,2023-12-12 12:18:16.293264,2023-12-12 12:21:26.754645,0 days 00:03:10.461381,448,0.0029219337412271246,0.984251990374476,0.002265742035622044,COMPLETE
79,112.6,2023-12-12 12:21:26.762157,2023-12-12 12:24:08.718357,0 days 00:02:41.956200,448,0.0038642281991436303,0.9937071064597598,0.004155179072701732,COMPLETE
80,200.0,2023-12-12 12:24:08.728044,2023-12-12 12:26:57.047650,0 days 00:02:48.319606,192,0.003858304552260712,0.998738392232151,0.00423639823126214,COMPLETE
81,200.0,2023-12-12 12:26:57.055612,2023-12-12 12:29:35.600347,0 days 00:02:38.544735,448,0.005392981358042883,0.994927225025396,0.0035682409676713704,COMPLETE
82,132.0,2023-12-12 12:29:35.609371,2023-12-12 12:32:18.203606,0 days 00:02:42.594235,448,0.004393630131701473,0.9819624341336174,0.005154561617293338,COMPLETE
83,126.7,2023-12-12 12:32:18.212453,2023-12-12 12:35:04.103222,0 days 00:02:45.890769,448,0.0019376430564792527,0.9900801060180731,0.0026946477264123783,COMPLETE
84,200.0,2023-12-12 12:35:04.111870,2023-12-12 12:37:39.899425,0 days 00:02:35.787555,960,0.011467059169495005,0.9928065316920872,0.006343660411014193,COMPLETE
85,141.3,2023-12-12 12:37:39.908335,2023-12-12 12:40:16.925390,0 days 00:02:37.017055,448,0.006654787015468316,0.9870886280022559,0.0032591075337926947,COMPLETE
86,200.0,2023-12-12 12:40:16.934916,2023-12-12 12:42:57.096952,0 days 00:02:40.162036,448,0.0038129249482679655,0.9794461567102393,0.0021388003275769675,COMPLETE
87,132.9,2023-12-12 12:42:57.104316,2023-12-12 12:45:39.381175,0 days 00:02:42.276859,320,0.00285260515444632,0.9841460986105237,0.004594887264076414,COMPLETE
88,155.2,2023-12-12 12:45:39.390706,2023-12-12 12:48:16.567260,0 days 00:02:37.176554,832,0.007939510291539135,0.9992788159849287,0.00419090964204758,COMPLETE
89,200.0,2023-12-12 12:48:16.626681,2023-12-12 12:50:49.450444,0 days 00:02:32.823763,512,0.012866951058449878,0.9948020451941201,0.0018226182467471813,COMPLETE
90,120.8,2023-12-12 12:50:49.458449,2023-12-12 12:53:15.434854,0 days 00:02:25.976405,1024,0.005996482493358463,0.9766894267234045,0.0023767878178780556,COMPLETE
91,200.0,2023-12-12 12:53:15.444871,2023-12-12 12:55:41.293243,0 days 00:02:25.848372,1024,0.0056685049452587346,0.9759091462468558,0.001392918003641449,COMPLETE
92,184.0,2023-12-12 12:55:41.303247,2023-12-12 12:58:01.328603,0 days 00:02:20.025356,1024,0.009362119183048903,0.9726426560941672,0.0028745248474706274,COMPLETE
93,200.0,2023-12-12 12:58:01.337606,2023-12-12 13:00:26.042511,0 days 00:02:24.704905,128,0.0031303994501658498,0.9826421664594568,0.0016740875855250684,COMPLETE
94,151.7,2023-12-12 13:00:26.053513,2023-12-12 13:02:46.648069,0 days 00:02:20.594556,1024,0.004489341267193958,0.9877349158326598,0.002230202220327085,COMPLETE
95,134.9,2023-12-12 13:02:46.658071,2023-12-12 13:05:08.931650,0 days 00:02:22.273579,768,0.00656859164015006,0.9783026264858944,0.003363094239038075,COMPLETE
96,159.2,2023-12-12 13:05:08.941652,2023-12-12 13:07:32.062201,0 days 00:02:23.120549,896,0.01672737276193715,0.9851427196307105,0.005715937115866003,COMPLETE
97,157.8,2023-12-12 13:07:32.071206,2023-12-12 13:09:58.020763,0 days 00:02:25.949557,256,0.010622790037207432,0.9902743634821685,0.0037837211774326917,COMPLETE
98,128.5,2023-12-12 13:09:58.030766,2023-12-12 13:12:21.109530,0 days 00:02:23.078764,640,0.008244491806983091,0.9815691541420377,0.002949400130924824,COMPLETE
99,200.0,2023-12-12 13:12:21.118532,2023-12-12 13:14:44.071871,0 days 00:02:22.953339,576,0.005078907430776838,0.9685591443574538,0.002522267650129327,COMPLETE
